16:18:18.211 [main] ERROR o.s.web.servlet.DispatcherServlet - Context initialization failed
org.springframework.beans.factory.BeanCreationException: Error creating bean with name 'userDemoController': Injection of autowired dependencies failed; nested exception is org.springframework.beans.factory.BeanCreationException: Could not autowire field: private org.spring.side.examples.quickstart.service.userdemo.UserDemoService org.springside.examples.quickstart.web.userdemo.UserDemoController.userDemoService; nested exception is org.springframework.beans.factory.NoSuchBeanDefinitionException: No qualifying bean of type [org.spring.side.examples.quickstart.service.userdemo.UserDemoService] found for dependency: expected at least 1 bean which qualifies as autowire candidate for this dependency. Dependency annotations: {@org.springframework.beans.factory.annotation.Autowired(required=true)}
	at org.springframework.beans.factory.annotation.AutowiredAnnotationBeanPostProcessor.postProcessPropertyValues(AutowiredAnnotationBeanPostProcessor.java:288) ~[spring-beans-3.2.3.RELEASE.jar:3.2.3.RELEASE]
	at org.springframework.beans.factory.support.AbstractAutowireCapableBeanFactory.populateBean(AbstractAutowireCapableBeanFactory.java:1116) ~[spring-beans-3.2.3.RELEASE.jar:3.2.3.RELEASE]
	at org.springframework.beans.factory.support.AbstractAutowireCapableBeanFactory.doCreateBean(AbstractAutowireCapableBeanFactory.java:519) ~[spring-beans-3.2.3.RELEASE.jar:3.2.3.RELEASE]
	at org.springframework.beans.factory.support.AbstractAutowireCapableBeanFactory.createBean(AbstractAutowireCapableBeanFactory.java:458) ~[spring-beans-3.2.3.RELEASE.jar:3.2.3.RELEASE]
	at org.springframework.beans.factory.support.AbstractBeanFactory$1.getObject(AbstractBeanFactory.java:295) ~[spring-beans-3.2.3.RELEASE.jar:3.2.3.RELEASE]
	at org.springframework.beans.factory.support.DefaultSingletonBeanRegistry.getSingleton(DefaultSingletonBeanRegistry.java:223) ~[spring-beans-3.2.3.RELEASE.jar:3.2.3.RELEASE]
	at org.springframework.beans.factory.support.AbstractBeanFactory.doGetBean(AbstractBeanFactory.java:292) ~[spring-beans-3.2.3.RELEASE.jar:3.2.3.RELEASE]
	at org.springframework.beans.factory.support.AbstractBeanFactory.getBean(AbstractBeanFactory.java:194) ~[spring-beans-3.2.3.RELEASE.jar:3.2.3.RELEASE]
	at org.springframework.beans.factory.support.DefaultListableBeanFactory.preInstantiateSingletons(DefaultListableBeanFactory.java:626) ~[spring-beans-3.2.3.RELEASE.jar:3.2.3.RELEASE]
	at org.springframework.context.support.AbstractApplicationContext.finishBeanFactoryInitialization(AbstractApplicationContext.java:932) ~[spring-context-3.2.3.RELEASE.jar:3.2.3.RELEASE]
	at org.springframework.context.support.AbstractApplicationContext.refresh(AbstractApplicationContext.java:479) ~[spring-context-3.2.3.RELEASE.jar:3.2.3.RELEASE]
	at org.springframework.web.servlet.FrameworkServlet.configureAndRefreshWebApplicationContext(FrameworkServlet.java:651) ~[spring-webmvc-3.2.3.RELEASE.jar:3.2.3.RELEASE]
	at org.springframework.web.servlet.FrameworkServlet.createWebApplicationContext(FrameworkServlet.java:599) ~[spring-webmvc-3.2.3.RELEASE.jar:3.2.3.RELEASE]
	at org.springframework.web.servlet.FrameworkServlet.createWebApplicationContext(FrameworkServlet.java:665) ~[spring-webmvc-3.2.3.RELEASE.jar:3.2.3.RELEASE]
	at org.springframework.web.servlet.FrameworkServlet.initWebApplicationContext(FrameworkServlet.java:518) ~[spring-webmvc-3.2.3.RELEASE.jar:3.2.3.RELEASE]
	at org.springframework.web.servlet.FrameworkServlet.initServletBean(FrameworkServlet.java:459) ~[spring-webmvc-3.2.3.RELEASE.jar:3.2.3.RELEASE]
	at org.springframework.web.servlet.HttpServletBean.init(HttpServletBean.java:136) ~[spring-webmvc-3.2.3.RELEASE.jar:3.2.3.RELEASE]
	at javax.servlet.GenericServlet.init(GenericServlet.java:241) ~[servlet-api-2.5.jar:2.5]
	at org.eclipse.jetty.servlet.ServletHolder.initServlet(ServletHolder.java:477) ~[jetty-webapp-7.6.11.v20130520.jar:7.6.11.v20130520]
	at org.eclipse.jetty.servlet.ServletHolder.doStart(ServletHolder.java:293) ~[jetty-webapp-7.6.11.v20130520.jar:7.6.11.v20130520]
	at org.eclipse.jetty.util.component.AbstractLifeCycle.start(AbstractLifeCycle.java:64) ~[jetty-webapp-7.6.11.v20130520.jar:7.6.11.v20130520]
	at org.eclipse.jetty.servlet.ServletHandler.initialize(ServletHandler.java:730) ~[jetty-webapp-7.6.11.v20130520.jar:7.6.11.v20130520]
	at org.eclipse.jetty.servlet.ServletContextHandler.startContext(ServletContextHandler.java:254) ~[jetty-webapp-7.6.11.v20130520.jar:7.6.11.v20130520]
	at org.eclipse.jetty.webapp.WebAppContext.startContext(WebAppContext.java:1240) ~[jetty-webapp-7.6.11.v20130520.jar:7.6.11.v20130520]
	at org.eclipse.jetty.server.handler.ContextHandler.doStart(ContextHandler.java:689) ~[jetty-webapp-7.6.11.v20130520.jar:7.6.11.v20130520]
	at org.eclipse.jetty.webapp.WebAppContext.doStart(WebAppContext.java:482) ~[jetty-webapp-7.6.11.v20130520.jar:7.6.11.v20130520]
	at org.eclipse.jetty.util.component.AbstractLifeCycle.start(AbstractLifeCycle.java:64) ~[jetty-webapp-7.6.11.v20130520.jar:7.6.11.v20130520]
	at org.eclipse.jetty.server.handler.HandlerWrapper.doStart(HandlerWrapper.java:95) ~[jetty-webapp-7.6.11.v20130520.jar:7.6.11.v20130520]
	at org.eclipse.jetty.server.Server.doStart(Server.java:281) ~[jetty-webapp-7.6.11.v20130520.jar:7.6.11.v20130520]
	at org.eclipse.jetty.util.component.AbstractLifeCycle.start(AbstractLifeCycle.java:64) ~[jetty-webapp-7.6.11.v20130520.jar:7.6.11.v20130520]
	at org.springside.examples.quickstart.QuickStartServer.main(QuickStartServer.java:28) ~[test-classes/:na]
Caused by: org.springframework.beans.factory.BeanCreationException: Could not autowire field: private org.spring.side.examples.quickstart.service.userdemo.UserDemoService org.springside.examples.quickstart.web.userdemo.UserDemoController.userDemoService; nested exception is org.springframework.beans.factory.NoSuchBeanDefinitionException: No qualifying bean of type [org.spring.side.examples.quickstart.service.userdemo.UserDemoService] found for dependency: expected at least 1 bean which qualifies as autowire candidate for this dependency. Dependency annotations: {@org.springframework.beans.factory.annotation.Autowired(required=true)}
	at org.springframework.beans.factory.annotation.AutowiredAnnotationBeanPostProcessor$AutowiredFieldElement.inject(AutowiredAnnotationBeanPostProcessor.java:514) ~[spring-beans-3.2.3.RELEASE.jar:3.2.3.RELEASE]
	at org.springframework.beans.factory.annotation.InjectionMetadata.inject(InjectionMetadata.java:87) ~[spring-beans-3.2.3.RELEASE.jar:3.2.3.RELEASE]
	at org.springframework.beans.factory.annotation.AutowiredAnnotationBeanPostProcessor.postProcessPropertyValues(AutowiredAnnotationBeanPostProcessor.java:285) ~[spring-beans-3.2.3.RELEASE.jar:3.2.3.RELEASE]
	... 30 common frames omitted
Caused by: org.springframework.beans.factory.NoSuchBeanDefinitionException: No qualifying bean of type [org.spring.side.examples.quickstart.service.userdemo.UserDemoService] found for dependency: expected at least 1 bean which qualifies as autowire candidate for this dependency. Dependency annotations: {@org.springframework.beans.factory.annotation.Autowired(required=true)}
	at org.springframework.beans.factory.support.DefaultListableBeanFactory.raiseNoSuchBeanDefinitionException(DefaultListableBeanFactory.java:986) ~[spring-beans-3.2.3.RELEASE.jar:3.2.3.RELEASE]
	at org.springframework.beans.factory.support.DefaultListableBeanFactory.doResolveDependency(DefaultListableBeanFactory.java:856) ~[spring-beans-3.2.3.RELEASE.jar:3.2.3.RELEASE]
	at org.springframework.beans.factory.support.DefaultListableBeanFactory.resolveDependency(DefaultListableBeanFactory.java:768) ~[spring-beans-3.2.3.RELEASE.jar:3.2.3.RELEASE]
	at org.springframework.beans.factory.annotation.AutowiredAnnotationBeanPostProcessor$AutowiredFieldElement.inject(AutowiredAnnotationBeanPostProcessor.java:486) ~[spring-beans-3.2.3.RELEASE.jar:3.2.3.RELEASE]
	... 32 common frames omitted
16:18:18.227 [main] WARN  /quickstart - unavailable
org.springframework.beans.factory.BeanCreationException: Error creating bean with name 'userDemoController': Injection of autowired dependencies failed; nested exception is org.springframework.beans.factory.BeanCreationException: Could not autowire field: private org.spring.side.examples.quickstart.service.userdemo.UserDemoService org.springside.examples.quickstart.web.userdemo.UserDemoController.userDemoService; nested exception is org.springframework.beans.factory.NoSuchBeanDefinitionException: No qualifying bean of type [org.spring.side.examples.quickstart.service.userdemo.UserDemoService] found for dependency: expected at least 1 bean which qualifies as autowire candidate for this dependency. Dependency annotations: {@org.springframework.beans.factory.annotation.Autowired(required=true)}
	at org.springframework.beans.factory.annotation.AutowiredAnnotationBeanPostProcessor.postProcessPropertyValues(AutowiredAnnotationBeanPostProcessor.java:288) ~[spring-beans-3.2.3.RELEASE.jar:3.2.3.RELEASE]
	at org.springframework.beans.factory.support.AbstractAutowireCapableBeanFactory.populateBean(AbstractAutowireCapableBeanFactory.java:1116) ~[spring-beans-3.2.3.RELEASE.jar:3.2.3.RELEASE]
	at org.springframework.beans.factory.support.AbstractAutowireCapableBeanFactory.doCreateBean(AbstractAutowireCapableBeanFactory.java:519) ~[spring-beans-3.2.3.RELEASE.jar:3.2.3.RELEASE]
	at org.springframework.beans.factory.support.AbstractAutowireCapableBeanFactory.createBean(AbstractAutowireCapableBeanFactory.java:458) ~[spring-beans-3.2.3.RELEASE.jar:3.2.3.RELEASE]
	at org.springframework.beans.factory.support.AbstractBeanFactory$1.getObject(AbstractBeanFactory.java:295) ~[spring-beans-3.2.3.RELEASE.jar:3.2.3.RELEASE]
	at org.springframework.beans.factory.support.DefaultSingletonBeanRegistry.getSingleton(DefaultSingletonBeanRegistry.java:223) ~[spring-beans-3.2.3.RELEASE.jar:3.2.3.RELEASE]
	at org.springframework.beans.factory.support.AbstractBeanFactory.doGetBean(AbstractBeanFactory.java:292) ~[spring-beans-3.2.3.RELEASE.jar:3.2.3.RELEASE]
	at org.springframework.beans.factory.support.AbstractBeanFactory.getBean(AbstractBeanFactory.java:194) ~[spring-beans-3.2.3.RELEASE.jar:3.2.3.RELEASE]
	at org.springframework.beans.factory.support.DefaultListableBeanFactory.preInstantiateSingletons(DefaultListableBeanFactory.java:626) ~[spring-beans-3.2.3.RELEASE.jar:3.2.3.RELEASE]
	at org.springframework.context.support.AbstractApplicationContext.finishBeanFactoryInitialization(AbstractApplicationContext.java:932) ~[spring-context-3.2.3.RELEASE.jar:3.2.3.RELEASE]
	at org.springframework.context.support.AbstractApplicationContext.refresh(AbstractApplicationContext.java:479) ~[spring-context-3.2.3.RELEASE.jar:3.2.3.RELEASE]
	at org.springframework.web.servlet.FrameworkServlet.configureAndRefreshWebApplicationContext(FrameworkServlet.java:651) ~[spring-webmvc-3.2.3.RELEASE.jar:3.2.3.RELEASE]
	at org.springframework.web.servlet.FrameworkServlet.createWebApplicationContext(FrameworkServlet.java:599) ~[spring-webmvc-3.2.3.RELEASE.jar:3.2.3.RELEASE]
	at org.springframework.web.servlet.FrameworkServlet.createWebApplicationContext(FrameworkServlet.java:665) ~[spring-webmvc-3.2.3.RELEASE.jar:3.2.3.RELEASE]
	at org.springframework.web.servlet.FrameworkServlet.initWebApplicationContext(FrameworkServlet.java:518) ~[spring-webmvc-3.2.3.RELEASE.jar:3.2.3.RELEASE]
	at org.springframework.web.servlet.FrameworkServlet.initServletBean(FrameworkServlet.java:459) ~[spring-webmvc-3.2.3.RELEASE.jar:3.2.3.RELEASE]
	at org.springframework.web.servlet.HttpServletBean.init(HttpServletBean.java:136) ~[spring-webmvc-3.2.3.RELEASE.jar:3.2.3.RELEASE]
	at javax.servlet.GenericServlet.init(GenericServlet.java:241) ~[servlet-api-2.5.jar:2.5]
	at org.eclipse.jetty.servlet.ServletHolder.initServlet(ServletHolder.java:477) [jetty-webapp-7.6.11.v20130520.jar:7.6.11.v20130520]
	at org.eclipse.jetty.servlet.ServletHolder.doStart(ServletHolder.java:293) [jetty-webapp-7.6.11.v20130520.jar:7.6.11.v20130520]
	at org.eclipse.jetty.util.component.AbstractLifeCycle.start(AbstractLifeCycle.java:64) ~[jetty-webapp-7.6.11.v20130520.jar:7.6.11.v20130520]
	at org.eclipse.jetty.servlet.ServletHandler.initialize(ServletHandler.java:730) ~[jetty-webapp-7.6.11.v20130520.jar:7.6.11.v20130520]
	at org.eclipse.jetty.servlet.ServletContextHandler.startContext(ServletContextHandler.java:254) ~[jetty-webapp-7.6.11.v20130520.jar:7.6.11.v20130520]
	at org.eclipse.jetty.webapp.WebAppContext.startContext(WebAppContext.java:1240) ~[jetty-webapp-7.6.11.v20130520.jar:7.6.11.v20130520]
	at org.eclipse.jetty.server.handler.ContextHandler.doStart(ContextHandler.java:689) ~[jetty-webapp-7.6.11.v20130520.jar:7.6.11.v20130520]
	at org.eclipse.jetty.webapp.WebAppContext.doStart(WebAppContext.java:482) ~[jetty-webapp-7.6.11.v20130520.jar:7.6.11.v20130520]
	at org.eclipse.jetty.util.component.AbstractLifeCycle.start(AbstractLifeCycle.java:64) ~[jetty-webapp-7.6.11.v20130520.jar:7.6.11.v20130520]
	at org.eclipse.jetty.server.handler.HandlerWrapper.doStart(HandlerWrapper.java:95) ~[jetty-webapp-7.6.11.v20130520.jar:7.6.11.v20130520]
	at org.eclipse.jetty.server.Server.doStart(Server.java:281) ~[jetty-webapp-7.6.11.v20130520.jar:7.6.11.v20130520]
	at org.eclipse.jetty.util.component.AbstractLifeCycle.start(AbstractLifeCycle.java:64) ~[jetty-webapp-7.6.11.v20130520.jar:7.6.11.v20130520]
	at org.springside.examples.quickstart.QuickStartServer.main(QuickStartServer.java:28) ~[test-classes/:na]
Caused by: org.springframework.beans.factory.BeanCreationException: Could not autowire field: private org.spring.side.examples.quickstart.service.userdemo.UserDemoService org.springside.examples.quickstart.web.userdemo.UserDemoController.userDemoService; nested exception is org.springframework.beans.factory.NoSuchBeanDefinitionException: No qualifying bean of type [org.spring.side.examples.quickstart.service.userdemo.UserDemoService] found for dependency: expected at least 1 bean which qualifies as autowire candidate for this dependency. Dependency annotations: {@org.springframework.beans.factory.annotation.Autowired(required=true)}
	at org.springframework.beans.factory.annotation.AutowiredAnnotationBeanPostProcessor$AutowiredFieldElement.inject(AutowiredAnnotationBeanPostProcessor.java:514) ~[spring-beans-3.2.3.RELEASE.jar:3.2.3.RELEASE]
	at org.springframework.beans.factory.annotation.InjectionMetadata.inject(InjectionMetadata.java:87) ~[spring-beans-3.2.3.RELEASE.jar:3.2.3.RELEASE]
	at org.springframework.beans.factory.annotation.AutowiredAnnotationBeanPostProcessor.postProcessPropertyValues(AutowiredAnnotationBeanPostProcessor.java:285) ~[spring-beans-3.2.3.RELEASE.jar:3.2.3.RELEASE]
	... 30 common frames omitted
Caused by: org.springframework.beans.factory.NoSuchBeanDefinitionException: No qualifying bean of type [org.spring.side.examples.quickstart.service.userdemo.UserDemoService] found for dependency: expected at least 1 bean which qualifies as autowire candidate for this dependency. Dependency annotations: {@org.springframework.beans.factory.annotation.Autowired(required=true)}
	at org.springframework.beans.factory.support.DefaultListableBeanFactory.raiseNoSuchBeanDefinitionException(DefaultListableBeanFactory.java:986) ~[spring-beans-3.2.3.RELEASE.jar:3.2.3.RELEASE]
	at org.springframework.beans.factory.support.DefaultListableBeanFactory.doResolveDependency(DefaultListableBeanFactory.java:856) ~[spring-beans-3.2.3.RELEASE.jar:3.2.3.RELEASE]
	at org.springframework.beans.factory.support.DefaultListableBeanFactory.resolveDependency(DefaultListableBeanFactory.java:768) ~[spring-beans-3.2.3.RELEASE.jar:3.2.3.RELEASE]
	at org.springframework.beans.factory.annotation.AutowiredAnnotationBeanPostProcessor$AutowiredFieldElement.inject(AutowiredAnnotationBeanPostProcessor.java:486) ~[spring-beans-3.2.3.RELEASE.jar:3.2.3.RELEASE]
	... 32 common frames omitted
16:20:25.969 [main] ERROR o.s.web.servlet.DispatcherServlet - Context initialization failed
org.springframework.beans.factory.BeanCreationException: Error creating bean with name 'userDemoController': Injection of autowired dependencies failed; nested exception is org.springframework.beans.factory.BeanCreationException: Could not autowire field: private org.spring.side.examples.quickstart.service.userdemo.UserDemoService org.springside.examples.quickstart.web.userdemo.UserDemoController.userDemoService; nested exception is org.springframework.beans.factory.NoSuchBeanDefinitionException: No qualifying bean of type [org.spring.side.examples.quickstart.service.userdemo.UserDemoService] found for dependency: expected at least 1 bean which qualifies as autowire candidate for this dependency. Dependency annotations: {@org.springframework.beans.factory.annotation.Autowired(required=true)}
	at org.springframework.beans.factory.annotation.AutowiredAnnotationBeanPostProcessor.postProcessPropertyValues(AutowiredAnnotationBeanPostProcessor.java:288) ~[spring-beans-3.2.3.RELEASE.jar:3.2.3.RELEASE]
	at org.springframework.beans.factory.support.AbstractAutowireCapableBeanFactory.populateBean(AbstractAutowireCapableBeanFactory.java:1116) ~[spring-beans-3.2.3.RELEASE.jar:3.2.3.RELEASE]
	at org.springframework.beans.factory.support.AbstractAutowireCapableBeanFactory.doCreateBean(AbstractAutowireCapableBeanFactory.java:519) ~[spring-beans-3.2.3.RELEASE.jar:3.2.3.RELEASE]
	at org.springframework.beans.factory.support.AbstractAutowireCapableBeanFactory.createBean(AbstractAutowireCapableBeanFactory.java:458) ~[spring-beans-3.2.3.RELEASE.jar:3.2.3.RELEASE]
	at org.springframework.beans.factory.support.AbstractBeanFactory$1.getObject(AbstractBeanFactory.java:295) ~[spring-beans-3.2.3.RELEASE.jar:3.2.3.RELEASE]
	at org.springframework.beans.factory.support.DefaultSingletonBeanRegistry.getSingleton(DefaultSingletonBeanRegistry.java:223) ~[spring-beans-3.2.3.RELEASE.jar:3.2.3.RELEASE]
	at org.springframework.beans.factory.support.AbstractBeanFactory.doGetBean(AbstractBeanFactory.java:292) ~[spring-beans-3.2.3.RELEASE.jar:3.2.3.RELEASE]
	at org.springframework.beans.factory.support.AbstractBeanFactory.getBean(AbstractBeanFactory.java:194) ~[spring-beans-3.2.3.RELEASE.jar:3.2.3.RELEASE]
	at org.springframework.beans.factory.support.DefaultListableBeanFactory.preInstantiateSingletons(DefaultListableBeanFactory.java:626) ~[spring-beans-3.2.3.RELEASE.jar:3.2.3.RELEASE]
	at org.springframework.context.support.AbstractApplicationContext.finishBeanFactoryInitialization(AbstractApplicationContext.java:932) ~[spring-context-3.2.3.RELEASE.jar:3.2.3.RELEASE]
	at org.springframework.context.support.AbstractApplicationContext.refresh(AbstractApplicationContext.java:479) ~[spring-context-3.2.3.RELEASE.jar:3.2.3.RELEASE]
	at org.springframework.web.servlet.FrameworkServlet.configureAndRefreshWebApplicationContext(FrameworkServlet.java:651) ~[spring-webmvc-3.2.3.RELEASE.jar:3.2.3.RELEASE]
	at org.springframework.web.servlet.FrameworkServlet.createWebApplicationContext(FrameworkServlet.java:599) ~[spring-webmvc-3.2.3.RELEASE.jar:3.2.3.RELEASE]
	at org.springframework.web.servlet.FrameworkServlet.createWebApplicationContext(FrameworkServlet.java:665) ~[spring-webmvc-3.2.3.RELEASE.jar:3.2.3.RELEASE]
	at org.springframework.web.servlet.FrameworkServlet.initWebApplicationContext(FrameworkServlet.java:518) ~[spring-webmvc-3.2.3.RELEASE.jar:3.2.3.RELEASE]
	at org.springframework.web.servlet.FrameworkServlet.initServletBean(FrameworkServlet.java:459) ~[spring-webmvc-3.2.3.RELEASE.jar:3.2.3.RELEASE]
	at org.springframework.web.servlet.HttpServletBean.init(HttpServletBean.java:136) ~[spring-webmvc-3.2.3.RELEASE.jar:3.2.3.RELEASE]
	at javax.servlet.GenericServlet.init(GenericServlet.java:241) ~[servlet-api-2.5.jar:2.5]
	at org.eclipse.jetty.servlet.ServletHolder.initServlet(ServletHolder.java:477) ~[jetty-webapp-7.6.11.v20130520.jar:7.6.11.v20130520]
	at org.eclipse.jetty.servlet.ServletHolder.doStart(ServletHolder.java:293) ~[jetty-webapp-7.6.11.v20130520.jar:7.6.11.v20130520]
	at org.eclipse.jetty.util.component.AbstractLifeCycle.start(AbstractLifeCycle.java:64) ~[jetty-webapp-7.6.11.v20130520.jar:7.6.11.v20130520]
	at org.eclipse.jetty.servlet.ServletHandler.initialize(ServletHandler.java:730) ~[jetty-webapp-7.6.11.v20130520.jar:7.6.11.v20130520]
	at org.eclipse.jetty.servlet.ServletContextHandler.startContext(ServletContextHandler.java:254) ~[jetty-webapp-7.6.11.v20130520.jar:7.6.11.v20130520]
	at org.eclipse.jetty.webapp.WebAppContext.startContext(WebAppContext.java:1240) ~[jetty-webapp-7.6.11.v20130520.jar:7.6.11.v20130520]
	at org.eclipse.jetty.server.handler.ContextHandler.doStart(ContextHandler.java:689) ~[jetty-webapp-7.6.11.v20130520.jar:7.6.11.v20130520]
	at org.eclipse.jetty.webapp.WebAppContext.doStart(WebAppContext.java:482) ~[jetty-webapp-7.6.11.v20130520.jar:7.6.11.v20130520]
	at org.eclipse.jetty.util.component.AbstractLifeCycle.start(AbstractLifeCycle.java:64) ~[jetty-webapp-7.6.11.v20130520.jar:7.6.11.v20130520]
	at org.eclipse.jetty.server.handler.HandlerWrapper.doStart(HandlerWrapper.java:95) ~[jetty-webapp-7.6.11.v20130520.jar:7.6.11.v20130520]
	at org.eclipse.jetty.server.Server.doStart(Server.java:281) ~[jetty-webapp-7.6.11.v20130520.jar:7.6.11.v20130520]
	at org.eclipse.jetty.util.component.AbstractLifeCycle.start(AbstractLifeCycle.java:64) ~[jetty-webapp-7.6.11.v20130520.jar:7.6.11.v20130520]
	at org.springside.examples.quickstart.QuickStartServer.main(QuickStartServer.java:28) ~[test-classes/:na]
Caused by: org.springframework.beans.factory.BeanCreationException: Could not autowire field: private org.spring.side.examples.quickstart.service.userdemo.UserDemoService org.springside.examples.quickstart.web.userdemo.UserDemoController.userDemoService; nested exception is org.springframework.beans.factory.NoSuchBeanDefinitionException: No qualifying bean of type [org.spring.side.examples.quickstart.service.userdemo.UserDemoService] found for dependency: expected at least 1 bean which qualifies as autowire candidate for this dependency. Dependency annotations: {@org.springframework.beans.factory.annotation.Autowired(required=true)}
	at org.springframework.beans.factory.annotation.AutowiredAnnotationBeanPostProcessor$AutowiredFieldElement.inject(AutowiredAnnotationBeanPostProcessor.java:514) ~[spring-beans-3.2.3.RELEASE.jar:3.2.3.RELEASE]
	at org.springframework.beans.factory.annotation.InjectionMetadata.inject(InjectionMetadata.java:87) ~[spring-beans-3.2.3.RELEASE.jar:3.2.3.RELEASE]
	at org.springframework.beans.factory.annotation.AutowiredAnnotationBeanPostProcessor.postProcessPropertyValues(AutowiredAnnotationBeanPostProcessor.java:285) ~[spring-beans-3.2.3.RELEASE.jar:3.2.3.RELEASE]
	... 30 common frames omitted
Caused by: org.springframework.beans.factory.NoSuchBeanDefinitionException: No qualifying bean of type [org.spring.side.examples.quickstart.service.userdemo.UserDemoService] found for dependency: expected at least 1 bean which qualifies as autowire candidate for this dependency. Dependency annotations: {@org.springframework.beans.factory.annotation.Autowired(required=true)}
	at org.springframework.beans.factory.support.DefaultListableBeanFactory.raiseNoSuchBeanDefinitionException(DefaultListableBeanFactory.java:986) ~[spring-beans-3.2.3.RELEASE.jar:3.2.3.RELEASE]
	at org.springframework.beans.factory.support.DefaultListableBeanFactory.doResolveDependency(DefaultListableBeanFactory.java:856) ~[spring-beans-3.2.3.RELEASE.jar:3.2.3.RELEASE]
	at org.springframework.beans.factory.support.DefaultListableBeanFactory.resolveDependency(DefaultListableBeanFactory.java:768) ~[spring-beans-3.2.3.RELEASE.jar:3.2.3.RELEASE]
	at org.springframework.beans.factory.annotation.AutowiredAnnotationBeanPostProcessor$AutowiredFieldElement.inject(AutowiredAnnotationBeanPostProcessor.java:486) ~[spring-beans-3.2.3.RELEASE.jar:3.2.3.RELEASE]
	... 32 common frames omitted
16:20:25.972 [main] WARN  /quickstart - unavailable
org.springframework.beans.factory.BeanCreationException: Error creating bean with name 'userDemoController': Injection of autowired dependencies failed; nested exception is org.springframework.beans.factory.BeanCreationException: Could not autowire field: private org.spring.side.examples.quickstart.service.userdemo.UserDemoService org.springside.examples.quickstart.web.userdemo.UserDemoController.userDemoService; nested exception is org.springframework.beans.factory.NoSuchBeanDefinitionException: No qualifying bean of type [org.spring.side.examples.quickstart.service.userdemo.UserDemoService] found for dependency: expected at least 1 bean which qualifies as autowire candidate for this dependency. Dependency annotations: {@org.springframework.beans.factory.annotation.Autowired(required=true)}
	at org.springframework.beans.factory.annotation.AutowiredAnnotationBeanPostProcessor.postProcessPropertyValues(AutowiredAnnotationBeanPostProcessor.java:288) ~[spring-beans-3.2.3.RELEASE.jar:3.2.3.RELEASE]
	at org.springframework.beans.factory.support.AbstractAutowireCapableBeanFactory.populateBean(AbstractAutowireCapableBeanFactory.java:1116) ~[spring-beans-3.2.3.RELEASE.jar:3.2.3.RELEASE]
	at org.springframework.beans.factory.support.AbstractAutowireCapableBeanFactory.doCreateBean(AbstractAutowireCapableBeanFactory.java:519) ~[spring-beans-3.2.3.RELEASE.jar:3.2.3.RELEASE]
	at org.springframework.beans.factory.support.AbstractAutowireCapableBeanFactory.createBean(AbstractAutowireCapableBeanFactory.java:458) ~[spring-beans-3.2.3.RELEASE.jar:3.2.3.RELEASE]
	at org.springframework.beans.factory.support.AbstractBeanFactory$1.getObject(AbstractBeanFactory.java:295) ~[spring-beans-3.2.3.RELEASE.jar:3.2.3.RELEASE]
	at org.springframework.beans.factory.support.DefaultSingletonBeanRegistry.getSingleton(DefaultSingletonBeanRegistry.java:223) ~[spring-beans-3.2.3.RELEASE.jar:3.2.3.RELEASE]
	at org.springframework.beans.factory.support.AbstractBeanFactory.doGetBean(AbstractBeanFactory.java:292) ~[spring-beans-3.2.3.RELEASE.jar:3.2.3.RELEASE]
	at org.springframework.beans.factory.support.AbstractBeanFactory.getBean(AbstractBeanFactory.java:194) ~[spring-beans-3.2.3.RELEASE.jar:3.2.3.RELEASE]
	at org.springframework.beans.factory.support.DefaultListableBeanFactory.preInstantiateSingletons(DefaultListableBeanFactory.java:626) ~[spring-beans-3.2.3.RELEASE.jar:3.2.3.RELEASE]
	at org.springframework.context.support.AbstractApplicationContext.finishBeanFactoryInitialization(AbstractApplicationContext.java:932) ~[spring-context-3.2.3.RELEASE.jar:3.2.3.RELEASE]
	at org.springframework.context.support.AbstractApplicationContext.refresh(AbstractApplicationContext.java:479) ~[spring-context-3.2.3.RELEASE.jar:3.2.3.RELEASE]
	at org.springframework.web.servlet.FrameworkServlet.configureAndRefreshWebApplicationContext(FrameworkServlet.java:651) ~[spring-webmvc-3.2.3.RELEASE.jar:3.2.3.RELEASE]
	at org.springframework.web.servlet.FrameworkServlet.createWebApplicationContext(FrameworkServlet.java:599) ~[spring-webmvc-3.2.3.RELEASE.jar:3.2.3.RELEASE]
	at org.springframework.web.servlet.FrameworkServlet.createWebApplicationContext(FrameworkServlet.java:665) ~[spring-webmvc-3.2.3.RELEASE.jar:3.2.3.RELEASE]
	at org.springframework.web.servlet.FrameworkServlet.initWebApplicationContext(FrameworkServlet.java:518) ~[spring-webmvc-3.2.3.RELEASE.jar:3.2.3.RELEASE]
	at org.springframework.web.servlet.FrameworkServlet.initServletBean(FrameworkServlet.java:459) ~[spring-webmvc-3.2.3.RELEASE.jar:3.2.3.RELEASE]
	at org.springframework.web.servlet.HttpServletBean.init(HttpServletBean.java:136) ~[spring-webmvc-3.2.3.RELEASE.jar:3.2.3.RELEASE]
	at javax.servlet.GenericServlet.init(GenericServlet.java:241) ~[servlet-api-2.5.jar:2.5]
	at org.eclipse.jetty.servlet.ServletHolder.initServlet(ServletHolder.java:477) [jetty-webapp-7.6.11.v20130520.jar:7.6.11.v20130520]
	at org.eclipse.jetty.servlet.ServletHolder.doStart(ServletHolder.java:293) [jetty-webapp-7.6.11.v20130520.jar:7.6.11.v20130520]
	at org.eclipse.jetty.util.component.AbstractLifeCycle.start(AbstractLifeCycle.java:64) ~[jetty-webapp-7.6.11.v20130520.jar:7.6.11.v20130520]
	at org.eclipse.jetty.servlet.ServletHandler.initialize(ServletHandler.java:730) ~[jetty-webapp-7.6.11.v20130520.jar:7.6.11.v20130520]
	at org.eclipse.jetty.servlet.ServletContextHandler.startContext(ServletContextHandler.java:254) ~[jetty-webapp-7.6.11.v20130520.jar:7.6.11.v20130520]
	at org.eclipse.jetty.webapp.WebAppContext.startContext(WebAppContext.java:1240) ~[jetty-webapp-7.6.11.v20130520.jar:7.6.11.v20130520]
	at org.eclipse.jetty.server.handler.ContextHandler.doStart(ContextHandler.java:689) ~[jetty-webapp-7.6.11.v20130520.jar:7.6.11.v20130520]
	at org.eclipse.jetty.webapp.WebAppContext.doStart(WebAppContext.java:482) ~[jetty-webapp-7.6.11.v20130520.jar:7.6.11.v20130520]
	at org.eclipse.jetty.util.component.AbstractLifeCycle.start(AbstractLifeCycle.java:64) ~[jetty-webapp-7.6.11.v20130520.jar:7.6.11.v20130520]
	at org.eclipse.jetty.server.handler.HandlerWrapper.doStart(HandlerWrapper.java:95) ~[jetty-webapp-7.6.11.v20130520.jar:7.6.11.v20130520]
	at org.eclipse.jetty.server.Server.doStart(Server.java:281) ~[jetty-webapp-7.6.11.v20130520.jar:7.6.11.v20130520]
	at org.eclipse.jetty.util.component.AbstractLifeCycle.start(AbstractLifeCycle.java:64) ~[jetty-webapp-7.6.11.v20130520.jar:7.6.11.v20130520]
	at org.springside.examples.quickstart.QuickStartServer.main(QuickStartServer.java:28) ~[test-classes/:na]
Caused by: org.springframework.beans.factory.BeanCreationException: Could not autowire field: private org.spring.side.examples.quickstart.service.userdemo.UserDemoService org.springside.examples.quickstart.web.userdemo.UserDemoController.userDemoService; nested exception is org.springframework.beans.factory.NoSuchBeanDefinitionException: No qualifying bean of type [org.spring.side.examples.quickstart.service.userdemo.UserDemoService] found for dependency: expected at least 1 bean which qualifies as autowire candidate for this dependency. Dependency annotations: {@org.springframework.beans.factory.annotation.Autowired(required=true)}
	at org.springframework.beans.factory.annotation.AutowiredAnnotationBeanPostProcessor$AutowiredFieldElement.inject(AutowiredAnnotationBeanPostProcessor.java:514) ~[spring-beans-3.2.3.RELEASE.jar:3.2.3.RELEASE]
	at org.springframework.beans.factory.annotation.InjectionMetadata.inject(InjectionMetadata.java:87) ~[spring-beans-3.2.3.RELEASE.jar:3.2.3.RELEASE]
	at org.springframework.beans.factory.annotation.AutowiredAnnotationBeanPostProcessor.postProcessPropertyValues(AutowiredAnnotationBeanPostProcessor.java:285) ~[spring-beans-3.2.3.RELEASE.jar:3.2.3.RELEASE]
	... 30 common frames omitted
Caused by: org.springframework.beans.factory.NoSuchBeanDefinitionException: No qualifying bean of type [org.spring.side.examples.quickstart.service.userdemo.UserDemoService] found for dependency: expected at least 1 bean which qualifies as autowire candidate for this dependency. Dependency annotations: {@org.springframework.beans.factory.annotation.Autowired(required=true)}
	at org.springframework.beans.factory.support.DefaultListableBeanFactory.raiseNoSuchBeanDefinitionException(DefaultListableBeanFactory.java:986) ~[spring-beans-3.2.3.RELEASE.jar:3.2.3.RELEASE]
	at org.springframework.beans.factory.support.DefaultListableBeanFactory.doResolveDependency(DefaultListableBeanFactory.java:856) ~[spring-beans-3.2.3.RELEASE.jar:3.2.3.RELEASE]
	at org.springframework.beans.factory.support.DefaultListableBeanFactory.resolveDependency(DefaultListableBeanFactory.java:768) ~[spring-beans-3.2.3.RELEASE.jar:3.2.3.RELEASE]
	at org.springframework.beans.factory.annotation.AutowiredAnnotationBeanPostProcessor$AutowiredFieldElement.inject(AutowiredAnnotationBeanPostProcessor.java:486) ~[spring-beans-3.2.3.RELEASE.jar:3.2.3.RELEASE]
	... 32 common frames omitted
16:31:03.173 [main] ERROR o.s.web.servlet.DispatcherServlet - Context initialization failed
org.springframework.beans.factory.BeanCreationException: Error creating bean with name 'userDemoController': Injection of autowired dependencies failed; nested exception is org.springframework.beans.factory.BeanCreationException: Could not autowire field: private org.spring.side.examples.quickstart.service.userdemo.UserDemoService org.springside.examples.quickstart.web.userdemo.UserDemoController.userDemoService; nested exception is org.springframework.beans.factory.NoSuchBeanDefinitionException: No qualifying bean of type [org.spring.side.examples.quickstart.service.userdemo.UserDemoService] found for dependency: expected at least 1 bean which qualifies as autowire candidate for this dependency. Dependency annotations: {@org.springframework.beans.factory.annotation.Autowired(required=true)}
	at org.springframework.beans.factory.annotation.AutowiredAnnotationBeanPostProcessor.postProcessPropertyValues(AutowiredAnnotationBeanPostProcessor.java:288) ~[spring-beans-3.2.3.RELEASE.jar:3.2.3.RELEASE]
	at org.springframework.beans.factory.support.AbstractAutowireCapableBeanFactory.populateBean(AbstractAutowireCapableBeanFactory.java:1116) ~[spring-beans-3.2.3.RELEASE.jar:3.2.3.RELEASE]
	at org.springframework.beans.factory.support.AbstractAutowireCapableBeanFactory.doCreateBean(AbstractAutowireCapableBeanFactory.java:519) ~[spring-beans-3.2.3.RELEASE.jar:3.2.3.RELEASE]
	at org.springframework.beans.factory.support.AbstractAutowireCapableBeanFactory.createBean(AbstractAutowireCapableBeanFactory.java:458) ~[spring-beans-3.2.3.RELEASE.jar:3.2.3.RELEASE]
	at org.springframework.beans.factory.support.AbstractBeanFactory$1.getObject(AbstractBeanFactory.java:295) ~[spring-beans-3.2.3.RELEASE.jar:3.2.3.RELEASE]
	at org.springframework.beans.factory.support.DefaultSingletonBeanRegistry.getSingleton(DefaultSingletonBeanRegistry.java:223) ~[spring-beans-3.2.3.RELEASE.jar:3.2.3.RELEASE]
	at org.springframework.beans.factory.support.AbstractBeanFactory.doGetBean(AbstractBeanFactory.java:292) ~[spring-beans-3.2.3.RELEASE.jar:3.2.3.RELEASE]
	at org.springframework.beans.factory.support.AbstractBeanFactory.getBean(AbstractBeanFactory.java:194) ~[spring-beans-3.2.3.RELEASE.jar:3.2.3.RELEASE]
	at org.springframework.beans.factory.support.DefaultListableBeanFactory.preInstantiateSingletons(DefaultListableBeanFactory.java:626) ~[spring-beans-3.2.3.RELEASE.jar:3.2.3.RELEASE]
	at org.springframework.context.support.AbstractApplicationContext.finishBeanFactoryInitialization(AbstractApplicationContext.java:932) ~[spring-context-3.2.3.RELEASE.jar:3.2.3.RELEASE]
	at org.springframework.context.support.AbstractApplicationContext.refresh(AbstractApplicationContext.java:479) ~[spring-context-3.2.3.RELEASE.jar:3.2.3.RELEASE]
	at org.springframework.web.servlet.FrameworkServlet.configureAndRefreshWebApplicationContext(FrameworkServlet.java:651) ~[spring-webmvc-3.2.3.RELEASE.jar:3.2.3.RELEASE]
	at org.springframework.web.servlet.FrameworkServlet.createWebApplicationContext(FrameworkServlet.java:599) ~[spring-webmvc-3.2.3.RELEASE.jar:3.2.3.RELEASE]
	at org.springframework.web.servlet.FrameworkServlet.createWebApplicationContext(FrameworkServlet.java:665) ~[spring-webmvc-3.2.3.RELEASE.jar:3.2.3.RELEASE]
	at org.springframework.web.servlet.FrameworkServlet.initWebApplicationContext(FrameworkServlet.java:518) ~[spring-webmvc-3.2.3.RELEASE.jar:3.2.3.RELEASE]
	at org.springframework.web.servlet.FrameworkServlet.initServletBean(FrameworkServlet.java:459) ~[spring-webmvc-3.2.3.RELEASE.jar:3.2.3.RELEASE]
	at org.springframework.web.servlet.HttpServletBean.init(HttpServletBean.java:136) ~[spring-webmvc-3.2.3.RELEASE.jar:3.2.3.RELEASE]
	at javax.servlet.GenericServlet.init(GenericServlet.java:241) ~[servlet-api-2.5.jar:2.5]
	at org.eclipse.jetty.servlet.ServletHolder.initServlet(ServletHolder.java:477) ~[jetty-webapp-7.6.11.v20130520.jar:7.6.11.v20130520]
	at org.eclipse.jetty.servlet.ServletHolder.doStart(ServletHolder.java:293) ~[jetty-webapp-7.6.11.v20130520.jar:7.6.11.v20130520]
	at org.eclipse.jetty.util.component.AbstractLifeCycle.start(AbstractLifeCycle.java:64) ~[jetty-webapp-7.6.11.v20130520.jar:7.6.11.v20130520]
	at org.eclipse.jetty.servlet.ServletHandler.initialize(ServletHandler.java:730) ~[jetty-webapp-7.6.11.v20130520.jar:7.6.11.v20130520]
	at org.eclipse.jetty.servlet.ServletContextHandler.startContext(ServletContextHandler.java:254) ~[jetty-webapp-7.6.11.v20130520.jar:7.6.11.v20130520]
	at org.eclipse.jetty.webapp.WebAppContext.startContext(WebAppContext.java:1240) ~[jetty-webapp-7.6.11.v20130520.jar:7.6.11.v20130520]
	at org.eclipse.jetty.server.handler.ContextHandler.doStart(ContextHandler.java:689) ~[jetty-webapp-7.6.11.v20130520.jar:7.6.11.v20130520]
	at org.eclipse.jetty.webapp.WebAppContext.doStart(WebAppContext.java:482) ~[jetty-webapp-7.6.11.v20130520.jar:7.6.11.v20130520]
	at org.eclipse.jetty.util.component.AbstractLifeCycle.start(AbstractLifeCycle.java:64) ~[jetty-webapp-7.6.11.v20130520.jar:7.6.11.v20130520]
	at org.eclipse.jetty.server.handler.HandlerWrapper.doStart(HandlerWrapper.java:95) ~[jetty-webapp-7.6.11.v20130520.jar:7.6.11.v20130520]
	at org.eclipse.jetty.server.Server.doStart(Server.java:281) ~[jetty-webapp-7.6.11.v20130520.jar:7.6.11.v20130520]
	at org.eclipse.jetty.util.component.AbstractLifeCycle.start(AbstractLifeCycle.java:64) ~[jetty-webapp-7.6.11.v20130520.jar:7.6.11.v20130520]
	at org.springside.examples.quickstart.QuickStartServer.main(QuickStartServer.java:28) ~[test-classes/:na]
Caused by: org.springframework.beans.factory.BeanCreationException: Could not autowire field: private org.spring.side.examples.quickstart.service.userdemo.UserDemoService org.springside.examples.quickstart.web.userdemo.UserDemoController.userDemoService; nested exception is org.springframework.beans.factory.NoSuchBeanDefinitionException: No qualifying bean of type [org.spring.side.examples.quickstart.service.userdemo.UserDemoService] found for dependency: expected at least 1 bean which qualifies as autowire candidate for this dependency. Dependency annotations: {@org.springframework.beans.factory.annotation.Autowired(required=true)}
	at org.springframework.beans.factory.annotation.AutowiredAnnotationBeanPostProcessor$AutowiredFieldElement.inject(AutowiredAnnotationBeanPostProcessor.java:514) ~[spring-beans-3.2.3.RELEASE.jar:3.2.3.RELEASE]
	at org.springframework.beans.factory.annotation.InjectionMetadata.inject(InjectionMetadata.java:87) ~[spring-beans-3.2.3.RELEASE.jar:3.2.3.RELEASE]
	at org.springframework.beans.factory.annotation.AutowiredAnnotationBeanPostProcessor.postProcessPropertyValues(AutowiredAnnotationBeanPostProcessor.java:285) ~[spring-beans-3.2.3.RELEASE.jar:3.2.3.RELEASE]
	... 30 common frames omitted
Caused by: org.springframework.beans.factory.NoSuchBeanDefinitionException: No qualifying bean of type [org.spring.side.examples.quickstart.service.userdemo.UserDemoService] found for dependency: expected at least 1 bean which qualifies as autowire candidate for this dependency. Dependency annotations: {@org.springframework.beans.factory.annotation.Autowired(required=true)}
	at org.springframework.beans.factory.support.DefaultListableBeanFactory.raiseNoSuchBeanDefinitionException(DefaultListableBeanFactory.java:986) ~[spring-beans-3.2.3.RELEASE.jar:3.2.3.RELEASE]
	at org.springframework.beans.factory.support.DefaultListableBeanFactory.doResolveDependency(DefaultListableBeanFactory.java:856) ~[spring-beans-3.2.3.RELEASE.jar:3.2.3.RELEASE]
	at org.springframework.beans.factory.support.DefaultListableBeanFactory.resolveDependency(DefaultListableBeanFactory.java:768) ~[spring-beans-3.2.3.RELEASE.jar:3.2.3.RELEASE]
	at org.springframework.beans.factory.annotation.AutowiredAnnotationBeanPostProcessor$AutowiredFieldElement.inject(AutowiredAnnotationBeanPostProcessor.java:486) ~[spring-beans-3.2.3.RELEASE.jar:3.2.3.RELEASE]
	... 32 common frames omitted
16:31:03.176 [main] WARN  /quickstart - unavailable
org.springframework.beans.factory.BeanCreationException: Error creating bean with name 'userDemoController': Injection of autowired dependencies failed; nested exception is org.springframework.beans.factory.BeanCreationException: Could not autowire field: private org.spring.side.examples.quickstart.service.userdemo.UserDemoService org.springside.examples.quickstart.web.userdemo.UserDemoController.userDemoService; nested exception is org.springframework.beans.factory.NoSuchBeanDefinitionException: No qualifying bean of type [org.spring.side.examples.quickstart.service.userdemo.UserDemoService] found for dependency: expected at least 1 bean which qualifies as autowire candidate for this dependency. Dependency annotations: {@org.springframework.beans.factory.annotation.Autowired(required=true)}
	at org.springframework.beans.factory.annotation.AutowiredAnnotationBeanPostProcessor.postProcessPropertyValues(AutowiredAnnotationBeanPostProcessor.java:288) ~[spring-beans-3.2.3.RELEASE.jar:3.2.3.RELEASE]
	at org.springframework.beans.factory.support.AbstractAutowireCapableBeanFactory.populateBean(AbstractAutowireCapableBeanFactory.java:1116) ~[spring-beans-3.2.3.RELEASE.jar:3.2.3.RELEASE]
	at org.springframework.beans.factory.support.AbstractAutowireCapableBeanFactory.doCreateBean(AbstractAutowireCapableBeanFactory.java:519) ~[spring-beans-3.2.3.RELEASE.jar:3.2.3.RELEASE]
	at org.springframework.beans.factory.support.AbstractAutowireCapableBeanFactory.createBean(AbstractAutowireCapableBeanFactory.java:458) ~[spring-beans-3.2.3.RELEASE.jar:3.2.3.RELEASE]
	at org.springframework.beans.factory.support.AbstractBeanFactory$1.getObject(AbstractBeanFactory.java:295) ~[spring-beans-3.2.3.RELEASE.jar:3.2.3.RELEASE]
	at org.springframework.beans.factory.support.DefaultSingletonBeanRegistry.getSingleton(DefaultSingletonBeanRegistry.java:223) ~[spring-beans-3.2.3.RELEASE.jar:3.2.3.RELEASE]
	at org.springframework.beans.factory.support.AbstractBeanFactory.doGetBean(AbstractBeanFactory.java:292) ~[spring-beans-3.2.3.RELEASE.jar:3.2.3.RELEASE]
	at org.springframework.beans.factory.support.AbstractBeanFactory.getBean(AbstractBeanFactory.java:194) ~[spring-beans-3.2.3.RELEASE.jar:3.2.3.RELEASE]
	at org.springframework.beans.factory.support.DefaultListableBeanFactory.preInstantiateSingletons(DefaultListableBeanFactory.java:626) ~[spring-beans-3.2.3.RELEASE.jar:3.2.3.RELEASE]
	at org.springframework.context.support.AbstractApplicationContext.finishBeanFactoryInitialization(AbstractApplicationContext.java:932) ~[spring-context-3.2.3.RELEASE.jar:3.2.3.RELEASE]
	at org.springframework.context.support.AbstractApplicationContext.refresh(AbstractApplicationContext.java:479) ~[spring-context-3.2.3.RELEASE.jar:3.2.3.RELEASE]
	at org.springframework.web.servlet.FrameworkServlet.configureAndRefreshWebApplicationContext(FrameworkServlet.java:651) ~[spring-webmvc-3.2.3.RELEASE.jar:3.2.3.RELEASE]
	at org.springframework.web.servlet.FrameworkServlet.createWebApplicationContext(FrameworkServlet.java:599) ~[spring-webmvc-3.2.3.RELEASE.jar:3.2.3.RELEASE]
	at org.springframework.web.servlet.FrameworkServlet.createWebApplicationContext(FrameworkServlet.java:665) ~[spring-webmvc-3.2.3.RELEASE.jar:3.2.3.RELEASE]
	at org.springframework.web.servlet.FrameworkServlet.initWebApplicationContext(FrameworkServlet.java:518) ~[spring-webmvc-3.2.3.RELEASE.jar:3.2.3.RELEASE]
	at org.springframework.web.servlet.FrameworkServlet.initServletBean(FrameworkServlet.java:459) ~[spring-webmvc-3.2.3.RELEASE.jar:3.2.3.RELEASE]
	at org.springframework.web.servlet.HttpServletBean.init(HttpServletBean.java:136) ~[spring-webmvc-3.2.3.RELEASE.jar:3.2.3.RELEASE]
	at javax.servlet.GenericServlet.init(GenericServlet.java:241) ~[servlet-api-2.5.jar:2.5]
	at org.eclipse.jetty.servlet.ServletHolder.initServlet(ServletHolder.java:477) [jetty-webapp-7.6.11.v20130520.jar:7.6.11.v20130520]
	at org.eclipse.jetty.servlet.ServletHolder.doStart(ServletHolder.java:293) [jetty-webapp-7.6.11.v20130520.jar:7.6.11.v20130520]
	at org.eclipse.jetty.util.component.AbstractLifeCycle.start(AbstractLifeCycle.java:64) ~[jetty-webapp-7.6.11.v20130520.jar:7.6.11.v20130520]
	at org.eclipse.jetty.servlet.ServletHandler.initialize(ServletHandler.java:730) ~[jetty-webapp-7.6.11.v20130520.jar:7.6.11.v20130520]
	at org.eclipse.jetty.servlet.ServletContextHandler.startContext(ServletContextHandler.java:254) ~[jetty-webapp-7.6.11.v20130520.jar:7.6.11.v20130520]
	at org.eclipse.jetty.webapp.WebAppContext.startContext(WebAppContext.java:1240) ~[jetty-webapp-7.6.11.v20130520.jar:7.6.11.v20130520]
	at org.eclipse.jetty.server.handler.ContextHandler.doStart(ContextHandler.java:689) ~[jetty-webapp-7.6.11.v20130520.jar:7.6.11.v20130520]
	at org.eclipse.jetty.webapp.WebAppContext.doStart(WebAppContext.java:482) ~[jetty-webapp-7.6.11.v20130520.jar:7.6.11.v20130520]
	at org.eclipse.jetty.util.component.AbstractLifeCycle.start(AbstractLifeCycle.java:64) ~[jetty-webapp-7.6.11.v20130520.jar:7.6.11.v20130520]
	at org.eclipse.jetty.server.handler.HandlerWrapper.doStart(HandlerWrapper.java:95) ~[jetty-webapp-7.6.11.v20130520.jar:7.6.11.v20130520]
	at org.eclipse.jetty.server.Server.doStart(Server.java:281) ~[jetty-webapp-7.6.11.v20130520.jar:7.6.11.v20130520]
	at org.eclipse.jetty.util.component.AbstractLifeCycle.start(AbstractLifeCycle.java:64) ~[jetty-webapp-7.6.11.v20130520.jar:7.6.11.v20130520]
	at org.springside.examples.quickstart.QuickStartServer.main(QuickStartServer.java:28) ~[test-classes/:na]
Caused by: org.springframework.beans.factory.BeanCreationException: Could not autowire field: private org.spring.side.examples.quickstart.service.userdemo.UserDemoService org.springside.examples.quickstart.web.userdemo.UserDemoController.userDemoService; nested exception is org.springframework.beans.factory.NoSuchBeanDefinitionException: No qualifying bean of type [org.spring.side.examples.quickstart.service.userdemo.UserDemoService] found for dependency: expected at least 1 bean which qualifies as autowire candidate for this dependency. Dependency annotations: {@org.springframework.beans.factory.annotation.Autowired(required=true)}
	at org.springframework.beans.factory.annotation.AutowiredAnnotationBeanPostProcessor$AutowiredFieldElement.inject(AutowiredAnnotationBeanPostProcessor.java:514) ~[spring-beans-3.2.3.RELEASE.jar:3.2.3.RELEASE]
	at org.springframework.beans.factory.annotation.InjectionMetadata.inject(InjectionMetadata.java:87) ~[spring-beans-3.2.3.RELEASE.jar:3.2.3.RELEASE]
	at org.springframework.beans.factory.annotation.AutowiredAnnotationBeanPostProcessor.postProcessPropertyValues(AutowiredAnnotationBeanPostProcessor.java:285) ~[spring-beans-3.2.3.RELEASE.jar:3.2.3.RELEASE]
	... 30 common frames omitted
Caused by: org.springframework.beans.factory.NoSuchBeanDefinitionException: No qualifying bean of type [org.spring.side.examples.quickstart.service.userdemo.UserDemoService] found for dependency: expected at least 1 bean which qualifies as autowire candidate for this dependency. Dependency annotations: {@org.springframework.beans.factory.annotation.Autowired(required=true)}
	at org.springframework.beans.factory.support.DefaultListableBeanFactory.raiseNoSuchBeanDefinitionException(DefaultListableBeanFactory.java:986) ~[spring-beans-3.2.3.RELEASE.jar:3.2.3.RELEASE]
	at org.springframework.beans.factory.support.DefaultListableBeanFactory.doResolveDependency(DefaultListableBeanFactory.java:856) ~[spring-beans-3.2.3.RELEASE.jar:3.2.3.RELEASE]
	at org.springframework.beans.factory.support.DefaultListableBeanFactory.resolveDependency(DefaultListableBeanFactory.java:768) ~[spring-beans-3.2.3.RELEASE.jar:3.2.3.RELEASE]
	at org.springframework.beans.factory.annotation.AutowiredAnnotationBeanPostProcessor$AutowiredFieldElement.inject(AutowiredAnnotationBeanPostProcessor.java:486) ~[spring-beans-3.2.3.RELEASE.jar:3.2.3.RELEASE]
	... 32 common frames omitted
16:53:09.362 [main] WARN  o.e.j.u.component.AbstractLifeCycle - FAILED SelectChannelConnector@0.0.0.0:8080: java.net.BindException: Address already in use: bind
java.net.BindException: Address already in use: bind
	at sun.nio.ch.Net.bind0(Native Method) ~[na:1.7.0_25]
	at sun.nio.ch.Net.bind(Net.java:444) ~[na:1.7.0_25]
	at sun.nio.ch.Net.bind(Net.java:436) ~[na:1.7.0_25]
	at sun.nio.ch.ServerSocketChannelImpl.bind(ServerSocketChannelImpl.java:214) ~[na:1.7.0_25]
	at sun.nio.ch.ServerSocketAdaptor.bind(ServerSocketAdaptor.java:74) ~[na:1.7.0_25]
	at org.eclipse.jetty.server.nio.SelectChannelConnector.open(SelectChannelConnector.java:187) ~[jetty-webapp-7.6.11.v20130520.jar:7.6.11.v20130520]
	at org.eclipse.jetty.server.AbstractConnector.doStart(AbstractConnector.java:316) ~[jetty-webapp-7.6.11.v20130520.jar:7.6.11.v20130520]
	at org.eclipse.jetty.server.nio.SelectChannelConnector.doStart(SelectChannelConnector.java:265) ~[jetty-webapp-7.6.11.v20130520.jar:7.6.11.v20130520]
	at org.eclipse.jetty.util.component.AbstractLifeCycle.start(AbstractLifeCycle.java:64) [jetty-webapp-7.6.11.v20130520.jar:7.6.11.v20130520]
	at org.eclipse.jetty.server.Server.doStart(Server.java:292) ~[jetty-webapp-7.6.11.v20130520.jar:7.6.11.v20130520]
	at org.eclipse.jetty.util.component.AbstractLifeCycle.start(AbstractLifeCycle.java:64) [jetty-webapp-7.6.11.v20130520.jar:7.6.11.v20130520]
	at org.springside.examples.quickstart.QuickStartServer.main(QuickStartServer.java:28) ~[test-classes/:na]
16:53:09.365 [main] WARN  o.e.j.u.component.AbstractLifeCycle - FAILED org.eclipse.jetty.server.Server@16994db: java.net.BindException: Address already in use: bind
java.net.BindException: Address already in use: bind
	at sun.nio.ch.Net.bind0(Native Method) ~[na:1.7.0_25]
	at sun.nio.ch.Net.bind(Net.java:444) ~[na:1.7.0_25]
	at sun.nio.ch.Net.bind(Net.java:436) ~[na:1.7.0_25]
	at sun.nio.ch.ServerSocketChannelImpl.bind(ServerSocketChannelImpl.java:214) ~[na:1.7.0_25]
	at sun.nio.ch.ServerSocketAdaptor.bind(ServerSocketAdaptor.java:74) ~[na:1.7.0_25]
	at org.eclipse.jetty.server.nio.SelectChannelConnector.open(SelectChannelConnector.java:187) ~[jetty-webapp-7.6.11.v20130520.jar:7.6.11.v20130520]
	at org.eclipse.jetty.server.AbstractConnector.doStart(AbstractConnector.java:316) ~[jetty-webapp-7.6.11.v20130520.jar:7.6.11.v20130520]
	at org.eclipse.jetty.server.nio.SelectChannelConnector.doStart(SelectChannelConnector.java:265) ~[jetty-webapp-7.6.11.v20130520.jar:7.6.11.v20130520]
	at org.eclipse.jetty.util.component.AbstractLifeCycle.start(AbstractLifeCycle.java:64) ~[jetty-webapp-7.6.11.v20130520.jar:7.6.11.v20130520]
	at org.eclipse.jetty.server.Server.doStart(Server.java:292) ~[jetty-webapp-7.6.11.v20130520.jar:7.6.11.v20130520]
	at org.eclipse.jetty.util.component.AbstractLifeCycle.start(AbstractLifeCycle.java:64) ~[jetty-webapp-7.6.11.v20130520.jar:7.6.11.v20130520]
	at org.springside.examples.quickstart.QuickStartServer.main(QuickStartServer.java:28) ~[test-classes/:na]
16:53:35.306 [main] WARN  o.e.j.u.component.AbstractLifeCycle - FAILED SelectChannelConnector@0.0.0.0:8080: java.net.BindException: Address already in use: bind
java.net.BindException: Address already in use: bind
	at sun.nio.ch.Net.bind0(Native Method) ~[na:1.7.0_25]
	at sun.nio.ch.Net.bind(Net.java:444) ~[na:1.7.0_25]
	at sun.nio.ch.Net.bind(Net.java:436) ~[na:1.7.0_25]
	at sun.nio.ch.ServerSocketChannelImpl.bind(ServerSocketChannelImpl.java:214) ~[na:1.7.0_25]
	at sun.nio.ch.ServerSocketAdaptor.bind(ServerSocketAdaptor.java:74) ~[na:1.7.0_25]
	at org.eclipse.jetty.server.nio.SelectChannelConnector.open(SelectChannelConnector.java:187) ~[jetty-webapp-7.6.11.v20130520.jar:7.6.11.v20130520]
	at org.eclipse.jetty.server.AbstractConnector.doStart(AbstractConnector.java:316) ~[jetty-webapp-7.6.11.v20130520.jar:7.6.11.v20130520]
	at org.eclipse.jetty.server.nio.SelectChannelConnector.doStart(SelectChannelConnector.java:265) ~[jetty-webapp-7.6.11.v20130520.jar:7.6.11.v20130520]
	at org.eclipse.jetty.util.component.AbstractLifeCycle.start(AbstractLifeCycle.java:64) [jetty-webapp-7.6.11.v20130520.jar:7.6.11.v20130520]
	at org.eclipse.jetty.server.Server.doStart(Server.java:292) ~[jetty-webapp-7.6.11.v20130520.jar:7.6.11.v20130520]
	at org.eclipse.jetty.util.component.AbstractLifeCycle.start(AbstractLifeCycle.java:64) [jetty-webapp-7.6.11.v20130520.jar:7.6.11.v20130520]
	at org.springside.examples.quickstart.QuickStartServer.main(QuickStartServer.java:28) ~[test-classes/:na]
16:53:35.310 [main] WARN  o.e.j.u.component.AbstractLifeCycle - FAILED org.eclipse.jetty.server.Server@144fdaf: java.net.BindException: Address already in use: bind
java.net.BindException: Address already in use: bind
	at sun.nio.ch.Net.bind0(Native Method) ~[na:1.7.0_25]
	at sun.nio.ch.Net.bind(Net.java:444) ~[na:1.7.0_25]
	at sun.nio.ch.Net.bind(Net.java:436) ~[na:1.7.0_25]
	at sun.nio.ch.ServerSocketChannelImpl.bind(ServerSocketChannelImpl.java:214) ~[na:1.7.0_25]
	at sun.nio.ch.ServerSocketAdaptor.bind(ServerSocketAdaptor.java:74) ~[na:1.7.0_25]
	at org.eclipse.jetty.server.nio.SelectChannelConnector.open(SelectChannelConnector.java:187) ~[jetty-webapp-7.6.11.v20130520.jar:7.6.11.v20130520]
	at org.eclipse.jetty.server.AbstractConnector.doStart(AbstractConnector.java:316) ~[jetty-webapp-7.6.11.v20130520.jar:7.6.11.v20130520]
	at org.eclipse.jetty.server.nio.SelectChannelConnector.doStart(SelectChannelConnector.java:265) ~[jetty-webapp-7.6.11.v20130520.jar:7.6.11.v20130520]
	at org.eclipse.jetty.util.component.AbstractLifeCycle.start(AbstractLifeCycle.java:64) ~[jetty-webapp-7.6.11.v20130520.jar:7.6.11.v20130520]
	at org.eclipse.jetty.server.Server.doStart(Server.java:292) ~[jetty-webapp-7.6.11.v20130520.jar:7.6.11.v20130520]
	at org.eclipse.jetty.util.component.AbstractLifeCycle.start(AbstractLifeCycle.java:64) ~[jetty-webapp-7.6.11.v20130520.jar:7.6.11.v20130520]
	at org.springside.examples.quickstart.QuickStartServer.main(QuickStartServer.java:28) ~[test-classes/:na]
20:46:00.926 [qtp15531576-21] ERROR 500.jsp - null
java.lang.NullPointerException: null
	at org.springside.examples.quickstart.web.userdemo.UserDemoController.list(UserDemoController.java:46) ~[classes/:na]
	at sun.reflect.NativeMethodAccessorImpl.invoke0(Native Method) ~[na:1.7.0_25]
	at sun.reflect.NativeMethodAccessorImpl.invoke(NativeMethodAccessorImpl.java:57) ~[na:1.7.0_25]
	at sun.reflect.DelegatingMethodAccessorImpl.invoke(DelegatingMethodAccessorImpl.java:43) ~[na:1.7.0_25]
	at java.lang.reflect.Method.invoke(Method.java:606) ~[na:1.7.0_25]
	at org.springframework.web.method.support.InvocableHandlerMethod.invoke(InvocableHandlerMethod.java:219) ~[spring-web-3.2.3.RELEASE.jar:3.2.3.RELEASE]
	at org.springframework.web.method.support.InvocableHandlerMethod.invokeForRequest(InvocableHandlerMethod.java:132) ~[spring-web-3.2.3.RELEASE.jar:3.2.3.RELEASE]
	at org.springframework.web.servlet.mvc.method.annotation.ServletInvocableHandlerMethod.invokeAndHandle(ServletInvocableHandlerMethod.java:104) ~[spring-webmvc-3.2.3.RELEASE.jar:3.2.3.RELEASE]
	at org.springframework.web.servlet.mvc.method.annotation.RequestMappingHandlerAdapter.invokeHandleMethod(RequestMappingHandlerAdapter.java:745) ~[spring-webmvc-3.2.3.RELEASE.jar:3.2.3.RELEASE]
	at org.springframework.web.servlet.mvc.method.annotation.RequestMappingHandlerAdapter.handleInternal(RequestMappingHandlerAdapter.java:686) ~[spring-webmvc-3.2.3.RELEASE.jar:3.2.3.RELEASE]
	at org.springframework.web.servlet.mvc.method.AbstractHandlerMethodAdapter.handle(AbstractHandlerMethodAdapter.java:80) ~[spring-webmvc-3.2.3.RELEASE.jar:3.2.3.RELEASE]
	at org.springframework.web.servlet.DispatcherServlet.doDispatch(DispatcherServlet.java:925) [spring-webmvc-3.2.3.RELEASE.jar:3.2.3.RELEASE]
	at org.springframework.web.servlet.DispatcherServlet.doService(DispatcherServlet.java:856) [spring-webmvc-3.2.3.RELEASE.jar:3.2.3.RELEASE]
	at org.springframework.web.servlet.FrameworkServlet.processRequest(FrameworkServlet.java:936) ~[spring-webmvc-3.2.3.RELEASE.jar:3.2.3.RELEASE]
	at org.springframework.web.servlet.FrameworkServlet.doGet(FrameworkServlet.java:827) ~[spring-webmvc-3.2.3.RELEASE.jar:3.2.3.RELEASE]
	at javax.servlet.http.HttpServlet.service(HttpServlet.java:707) ~[servlet-api-2.5.jar:2.5]
	at org.springframework.web.servlet.FrameworkServlet.service(FrameworkServlet.java:812) ~[spring-webmvc-3.2.3.RELEASE.jar:3.2.3.RELEASE]
	at javax.servlet.http.HttpServlet.service(HttpServlet.java:820) ~[servlet-api-2.5.jar:2.5]
	at org.eclipse.jetty.servlet.ServletHolder.handle(ServletHolder.java:652) ~[jetty-webapp-7.6.11.v20130520.jar:7.6.11.v20130520]
	at org.eclipse.jetty.servlet.ServletHandler$CachedChain.doFilter(ServletHandler.java:1320) ~[jetty-webapp-7.6.11.v20130520.jar:7.6.11.v20130520]
	at com.opensymphony.sitemesh.webapp.SiteMeshFilter.obtainContent(SiteMeshFilter.java:129) ~[sitemesh-2.4.2.jar:na]
	at com.opensymphony.sitemesh.webapp.SiteMeshFilter.doFilter(SiteMeshFilter.java:77) ~[sitemesh-2.4.2.jar:na]
	at org.eclipse.jetty.servlet.ServletHandler$CachedChain.doFilter(ServletHandler.java:1291) ~[jetty-webapp-7.6.11.v20130520.jar:7.6.11.v20130520]
	at org.apache.shiro.web.servlet.ProxiedFilterChain.doFilter(ProxiedFilterChain.java:61) ~[shiro-web-1.2.2.jar:1.2.2]
	at org.apache.shiro.web.servlet.AdviceFilter.executeChain(AdviceFilter.java:108) ~[shiro-web-1.2.2.jar:1.2.2]
	at org.apache.shiro.web.servlet.AdviceFilter.doFilterInternal(AdviceFilter.java:137) ~[shiro-web-1.2.2.jar:1.2.2]
	at org.apache.shiro.web.servlet.OncePerRequestFilter.doFilter(OncePerRequestFilter.java:125) ~[shiro-web-1.2.2.jar:1.2.2]
	at org.apache.shiro.web.servlet.ProxiedFilterChain.doFilter(ProxiedFilterChain.java:66) ~[shiro-web-1.2.2.jar:1.2.2]
	at org.apache.shiro.web.servlet.AbstractShiroFilter.executeChain(AbstractShiroFilter.java:449) ~[shiro-web-1.2.2.jar:1.2.2]
	at org.apache.shiro.web.servlet.AbstractShiroFilter$1.call(AbstractShiroFilter.java:365) ~[shiro-web-1.2.2.jar:1.2.2]
	at org.apache.shiro.subject.support.SubjectCallable.doCall(SubjectCallable.java:90) ~[shiro-core-1.2.2.jar:1.2.2]
	at org.apache.shiro.subject.support.SubjectCallable.call(SubjectCallable.java:83) ~[shiro-core-1.2.2.jar:1.2.2]
	at org.apache.shiro.subject.support.DelegatingSubject.execute(DelegatingSubject.java:383) ~[shiro-core-1.2.2.jar:1.2.2]
	at org.apache.shiro.web.servlet.AbstractShiroFilter.doFilterInternal(AbstractShiroFilter.java:362) ~[shiro-web-1.2.2.jar:1.2.2]
	at org.apache.shiro.web.servlet.OncePerRequestFilter.doFilter(OncePerRequestFilter.java:125) ~[shiro-web-1.2.2.jar:1.2.2]
	at org.springframework.web.filter.DelegatingFilterProxy.invokeDelegate(DelegatingFilterProxy.java:346) ~[spring-web-3.2.3.RELEASE.jar:3.2.3.RELEASE]
	at org.springframework.web.filter.DelegatingFilterProxy.doFilter(DelegatingFilterProxy.java:259) ~[spring-web-3.2.3.RELEASE.jar:3.2.3.RELEASE]
	at org.eclipse.jetty.servlet.ServletHandler$CachedChain.doFilter(ServletHandler.java:1291) ~[jetty-webapp-7.6.11.v20130520.jar:7.6.11.v20130520]
	at org.springframework.orm.jpa.support.OpenEntityManagerInViewFilter.doFilterInternal(OpenEntityManagerInViewFilter.java:180) ~[spring-orm-3.2.3.RELEASE.jar:3.2.3.RELEASE]
	at org.springframework.web.filter.OncePerRequestFilter.doFilter(OncePerRequestFilter.java:107) ~[spring-web-3.2.3.RELEASE.jar:3.2.3.RELEASE]
	at org.eclipse.jetty.servlet.ServletHandler$CachedChain.doFilter(ServletHandler.java:1291) ~[jetty-webapp-7.6.11.v20130520.jar:7.6.11.v20130520]
	at org.springframework.web.filter.CharacterEncodingFilter.doFilterInternal(CharacterEncodingFilter.java:88) ~[spring-web-3.2.3.RELEASE.jar:3.2.3.RELEASE]
	at org.springframework.web.filter.OncePerRequestFilter.doFilter(OncePerRequestFilter.java:107) ~[spring-web-3.2.3.RELEASE.jar:3.2.3.RELEASE]
	at org.eclipse.jetty.servlet.ServletHandler$CachedChain.doFilter(ServletHandler.java:1291) ~[jetty-webapp-7.6.11.v20130520.jar:7.6.11.v20130520]
	at org.eclipse.jetty.servlet.ServletHandler.doHandle(ServletHandler.java:443) ~[jetty-webapp-7.6.11.v20130520.jar:7.6.11.v20130520]
	at org.eclipse.jetty.server.handler.ScopedHandler.handle(ScopedHandler.java:137) ~[jetty-webapp-7.6.11.v20130520.jar:7.6.11.v20130520]
	at org.eclipse.jetty.security.SecurityHandler.handle(SecurityHandler.java:556) ~[jetty-webapp-7.6.11.v20130520.jar:7.6.11.v20130520]
	at org.eclipse.jetty.server.session.SessionHandler.doHandle(SessionHandler.java:227) ~[jetty-webapp-7.6.11.v20130520.jar:7.6.11.v20130520]
	at org.eclipse.jetty.server.handler.ContextHandler.doHandle(ContextHandler.java:1044) ~[jetty-webapp-7.6.11.v20130520.jar:7.6.11.v20130520]
	at org.eclipse.jetty.servlet.ServletHandler.doScope(ServletHandler.java:372) ~[jetty-webapp-7.6.11.v20130520.jar:7.6.11.v20130520]
	at org.eclipse.jetty.server.session.SessionHandler.doScope(SessionHandler.java:189) ~[jetty-webapp-7.6.11.v20130520.jar:7.6.11.v20130520]
	at org.eclipse.jetty.server.handler.ContextHandler.doScope(ContextHandler.java:978) ~[jetty-webapp-7.6.11.v20130520.jar:7.6.11.v20130520]
	at org.eclipse.jetty.server.handler.ScopedHandler.handle(ScopedHandler.java:135) ~[jetty-webapp-7.6.11.v20130520.jar:7.6.11.v20130520]
	at org.eclipse.jetty.server.handler.HandlerWrapper.handle(HandlerWrapper.java:116) ~[jetty-webapp-7.6.11.v20130520.jar:7.6.11.v20130520]
	at org.eclipse.jetty.server.Server.handle(Server.java:369) ~[jetty-webapp-7.6.11.v20130520.jar:7.6.11.v20130520]
	at org.eclipse.jetty.server.AbstractHttpConnection.handleRequest(AbstractHttpConnection.java:486) ~[jetty-webapp-7.6.11.v20130520.jar:7.6.11.v20130520]
	at org.eclipse.jetty.server.AbstractHttpConnection.headerComplete(AbstractHttpConnection.java:933) ~[jetty-webapp-7.6.11.v20130520.jar:7.6.11.v20130520]
	at org.eclipse.jetty.server.AbstractHttpConnection$RequestHandler.headerComplete(AbstractHttpConnection.java:995) ~[jetty-webapp-7.6.11.v20130520.jar:7.6.11.v20130520]
	at org.eclipse.jetty.http.HttpParser.parseNext(HttpParser.java:644) ~[jetty-webapp-7.6.11.v20130520.jar:7.6.11.v20130520]
	at org.eclipse.jetty.http.HttpParser.parseAvailable(HttpParser.java:235) ~[jetty-webapp-7.6.11.v20130520.jar:7.6.11.v20130520]
	at org.eclipse.jetty.server.AsyncHttpConnection.handle(AsyncHttpConnection.java:82) ~[jetty-webapp-7.6.11.v20130520.jar:7.6.11.v20130520]
	at org.eclipse.jetty.io.nio.SelectChannelEndPoint.handle(SelectChannelEndPoint.java:668) ~[jetty-webapp-7.6.11.v20130520.jar:7.6.11.v20130520]
	at org.eclipse.jetty.io.nio.SelectChannelEndPoint$1.run(SelectChannelEndPoint.java:52) ~[jetty-webapp-7.6.11.v20130520.jar:7.6.11.v20130520]
	at org.eclipse.jetty.util.thread.QueuedThreadPool.runJob(QueuedThreadPool.java:608) ~[jetty-webapp-7.6.11.v20130520.jar:7.6.11.v20130520]
	at org.eclipse.jetty.util.thread.QueuedThreadPool$3.run(QueuedThreadPool.java:543) ~[jetty-webapp-7.6.11.v20130520.jar:7.6.11.v20130520]
	at java.lang.Thread.run(Thread.java:724) ~[na:1.7.0_25]
20:49:49.833 [qtp15531576-19] ERROR 500.jsp - null
java.lang.NullPointerException: null
	at org.springside.examples.quickstart.web.userdemo.UserDemoController.list(UserDemoController.java:46) ~[classes/:na]
	at sun.reflect.NativeMethodAccessorImpl.invoke0(Native Method) ~[na:1.7.0_25]
	at sun.reflect.NativeMethodAccessorImpl.invoke(NativeMethodAccessorImpl.java:57) ~[na:1.7.0_25]
	at sun.reflect.DelegatingMethodAccessorImpl.invoke(DelegatingMethodAccessorImpl.java:43) ~[na:1.7.0_25]
	at java.lang.reflect.Method.invoke(Method.java:606) ~[na:1.7.0_25]
	at org.springframework.web.method.support.InvocableHandlerMethod.invoke(InvocableHandlerMethod.java:219) ~[spring-web-3.2.3.RELEASE.jar:3.2.3.RELEASE]
	at org.springframework.web.method.support.InvocableHandlerMethod.invokeForRequest(InvocableHandlerMethod.java:132) ~[spring-web-3.2.3.RELEASE.jar:3.2.3.RELEASE]
	at org.springframework.web.servlet.mvc.method.annotation.ServletInvocableHandlerMethod.invokeAndHandle(ServletInvocableHandlerMethod.java:104) ~[spring-webmvc-3.2.3.RELEASE.jar:3.2.3.RELEASE]
	at org.springframework.web.servlet.mvc.method.annotation.RequestMappingHandlerAdapter.invokeHandleMethod(RequestMappingHandlerAdapter.java:745) ~[spring-webmvc-3.2.3.RELEASE.jar:3.2.3.RELEASE]
	at org.springframework.web.servlet.mvc.method.annotation.RequestMappingHandlerAdapter.handleInternal(RequestMappingHandlerAdapter.java:686) ~[spring-webmvc-3.2.3.RELEASE.jar:3.2.3.RELEASE]
	at org.springframework.web.servlet.mvc.method.AbstractHandlerMethodAdapter.handle(AbstractHandlerMethodAdapter.java:80) ~[spring-webmvc-3.2.3.RELEASE.jar:3.2.3.RELEASE]
	at org.springframework.web.servlet.DispatcherServlet.doDispatch(DispatcherServlet.java:925) [spring-webmvc-3.2.3.RELEASE.jar:3.2.3.RELEASE]
	at org.springframework.web.servlet.DispatcherServlet.doService(DispatcherServlet.java:856) [spring-webmvc-3.2.3.RELEASE.jar:3.2.3.RELEASE]
	at org.springframework.web.servlet.FrameworkServlet.processRequest(FrameworkServlet.java:936) ~[spring-webmvc-3.2.3.RELEASE.jar:3.2.3.RELEASE]
	at org.springframework.web.servlet.FrameworkServlet.doGet(FrameworkServlet.java:827) ~[spring-webmvc-3.2.3.RELEASE.jar:3.2.3.RELEASE]
	at javax.servlet.http.HttpServlet.service(HttpServlet.java:707) ~[servlet-api-2.5.jar:2.5]
	at org.springframework.web.servlet.FrameworkServlet.service(FrameworkServlet.java:812) ~[spring-webmvc-3.2.3.RELEASE.jar:3.2.3.RELEASE]
	at javax.servlet.http.HttpServlet.service(HttpServlet.java:820) ~[servlet-api-2.5.jar:2.5]
	at org.eclipse.jetty.servlet.ServletHolder.handle(ServletHolder.java:652) ~[jetty-webapp-7.6.11.v20130520.jar:7.6.11.v20130520]
	at org.eclipse.jetty.servlet.ServletHandler$CachedChain.doFilter(ServletHandler.java:1320) ~[jetty-webapp-7.6.11.v20130520.jar:7.6.11.v20130520]
	at com.opensymphony.sitemesh.webapp.SiteMeshFilter.obtainContent(SiteMeshFilter.java:129) ~[sitemesh-2.4.2.jar:na]
	at com.opensymphony.sitemesh.webapp.SiteMeshFilter.doFilter(SiteMeshFilter.java:77) ~[sitemesh-2.4.2.jar:na]
	at org.eclipse.jetty.servlet.ServletHandler$CachedChain.doFilter(ServletHandler.java:1291) ~[jetty-webapp-7.6.11.v20130520.jar:7.6.11.v20130520]
	at org.apache.shiro.web.servlet.ProxiedFilterChain.doFilter(ProxiedFilterChain.java:61) ~[shiro-web-1.2.2.jar:1.2.2]
	at org.apache.shiro.web.servlet.AdviceFilter.executeChain(AdviceFilter.java:108) ~[shiro-web-1.2.2.jar:1.2.2]
	at org.apache.shiro.web.servlet.AdviceFilter.doFilterInternal(AdviceFilter.java:137) ~[shiro-web-1.2.2.jar:1.2.2]
	at org.apache.shiro.web.servlet.OncePerRequestFilter.doFilter(OncePerRequestFilter.java:125) ~[shiro-web-1.2.2.jar:1.2.2]
	at org.apache.shiro.web.servlet.ProxiedFilterChain.doFilter(ProxiedFilterChain.java:66) ~[shiro-web-1.2.2.jar:1.2.2]
	at org.apache.shiro.web.servlet.AbstractShiroFilter.executeChain(AbstractShiroFilter.java:449) ~[shiro-web-1.2.2.jar:1.2.2]
	at org.apache.shiro.web.servlet.AbstractShiroFilter$1.call(AbstractShiroFilter.java:365) ~[shiro-web-1.2.2.jar:1.2.2]
	at org.apache.shiro.subject.support.SubjectCallable.doCall(SubjectCallable.java:90) ~[shiro-core-1.2.2.jar:1.2.2]
	at org.apache.shiro.subject.support.SubjectCallable.call(SubjectCallable.java:83) ~[shiro-core-1.2.2.jar:1.2.2]
	at org.apache.shiro.subject.support.DelegatingSubject.execute(DelegatingSubject.java:383) ~[shiro-core-1.2.2.jar:1.2.2]
	at org.apache.shiro.web.servlet.AbstractShiroFilter.doFilterInternal(AbstractShiroFilter.java:362) ~[shiro-web-1.2.2.jar:1.2.2]
	at org.apache.shiro.web.servlet.OncePerRequestFilter.doFilter(OncePerRequestFilter.java:125) ~[shiro-web-1.2.2.jar:1.2.2]
	at org.springframework.web.filter.DelegatingFilterProxy.invokeDelegate(DelegatingFilterProxy.java:346) ~[spring-web-3.2.3.RELEASE.jar:3.2.3.RELEASE]
	at org.springframework.web.filter.DelegatingFilterProxy.doFilter(DelegatingFilterProxy.java:259) ~[spring-web-3.2.3.RELEASE.jar:3.2.3.RELEASE]
	at org.eclipse.jetty.servlet.ServletHandler$CachedChain.doFilter(ServletHandler.java:1291) ~[jetty-webapp-7.6.11.v20130520.jar:7.6.11.v20130520]
	at org.springframework.orm.jpa.support.OpenEntityManagerInViewFilter.doFilterInternal(OpenEntityManagerInViewFilter.java:180) ~[spring-orm-3.2.3.RELEASE.jar:3.2.3.RELEASE]
	at org.springframework.web.filter.OncePerRequestFilter.doFilter(OncePerRequestFilter.java:107) ~[spring-web-3.2.3.RELEASE.jar:3.2.3.RELEASE]
	at org.eclipse.jetty.servlet.ServletHandler$CachedChain.doFilter(ServletHandler.java:1291) ~[jetty-webapp-7.6.11.v20130520.jar:7.6.11.v20130520]
	at org.springframework.web.filter.CharacterEncodingFilter.doFilterInternal(CharacterEncodingFilter.java:88) ~[spring-web-3.2.3.RELEASE.jar:3.2.3.RELEASE]
	at org.springframework.web.filter.OncePerRequestFilter.doFilter(OncePerRequestFilter.java:107) ~[spring-web-3.2.3.RELEASE.jar:3.2.3.RELEASE]
	at org.eclipse.jetty.servlet.ServletHandler$CachedChain.doFilter(ServletHandler.java:1291) ~[jetty-webapp-7.6.11.v20130520.jar:7.6.11.v20130520]
	at org.eclipse.jetty.servlet.ServletHandler.doHandle(ServletHandler.java:443) ~[jetty-webapp-7.6.11.v20130520.jar:7.6.11.v20130520]
	at org.eclipse.jetty.server.handler.ScopedHandler.handle(ScopedHandler.java:137) ~[jetty-webapp-7.6.11.v20130520.jar:7.6.11.v20130520]
	at org.eclipse.jetty.security.SecurityHandler.handle(SecurityHandler.java:556) ~[jetty-webapp-7.6.11.v20130520.jar:7.6.11.v20130520]
	at org.eclipse.jetty.server.session.SessionHandler.doHandle(SessionHandler.java:227) ~[jetty-webapp-7.6.11.v20130520.jar:7.6.11.v20130520]
	at org.eclipse.jetty.server.handler.ContextHandler.doHandle(ContextHandler.java:1044) ~[jetty-webapp-7.6.11.v20130520.jar:7.6.11.v20130520]
	at org.eclipse.jetty.servlet.ServletHandler.doScope(ServletHandler.java:372) ~[jetty-webapp-7.6.11.v20130520.jar:7.6.11.v20130520]
	at org.eclipse.jetty.server.session.SessionHandler.doScope(SessionHandler.java:189) ~[jetty-webapp-7.6.11.v20130520.jar:7.6.11.v20130520]
	at org.eclipse.jetty.server.handler.ContextHandler.doScope(ContextHandler.java:978) ~[jetty-webapp-7.6.11.v20130520.jar:7.6.11.v20130520]
	at org.eclipse.jetty.server.handler.ScopedHandler.handle(ScopedHandler.java:135) ~[jetty-webapp-7.6.11.v20130520.jar:7.6.11.v20130520]
	at org.eclipse.jetty.server.handler.HandlerWrapper.handle(HandlerWrapper.java:116) ~[jetty-webapp-7.6.11.v20130520.jar:7.6.11.v20130520]
	at org.eclipse.jetty.server.Server.handle(Server.java:369) ~[jetty-webapp-7.6.11.v20130520.jar:7.6.11.v20130520]
	at org.eclipse.jetty.server.AbstractHttpConnection.handleRequest(AbstractHttpConnection.java:486) ~[jetty-webapp-7.6.11.v20130520.jar:7.6.11.v20130520]
	at org.eclipse.jetty.server.AbstractHttpConnection.headerComplete(AbstractHttpConnection.java:933) ~[jetty-webapp-7.6.11.v20130520.jar:7.6.11.v20130520]
	at org.eclipse.jetty.server.AbstractHttpConnection$RequestHandler.headerComplete(AbstractHttpConnection.java:995) ~[jetty-webapp-7.6.11.v20130520.jar:7.6.11.v20130520]
	at org.eclipse.jetty.http.HttpParser.parseNext(HttpParser.java:644) ~[jetty-webapp-7.6.11.v20130520.jar:7.6.11.v20130520]
	at org.eclipse.jetty.http.HttpParser.parseAvailable(HttpParser.java:235) ~[jetty-webapp-7.6.11.v20130520.jar:7.6.11.v20130520]
	at org.eclipse.jetty.server.AsyncHttpConnection.handle(AsyncHttpConnection.java:82) ~[jetty-webapp-7.6.11.v20130520.jar:7.6.11.v20130520]
	at org.eclipse.jetty.io.nio.SelectChannelEndPoint.handle(SelectChannelEndPoint.java:668) ~[jetty-webapp-7.6.11.v20130520.jar:7.6.11.v20130520]
	at org.eclipse.jetty.io.nio.SelectChannelEndPoint$1.run(SelectChannelEndPoint.java:52) ~[jetty-webapp-7.6.11.v20130520.jar:7.6.11.v20130520]
	at org.eclipse.jetty.util.thread.QueuedThreadPool.runJob(QueuedThreadPool.java:608) ~[jetty-webapp-7.6.11.v20130520.jar:7.6.11.v20130520]
	at org.eclipse.jetty.util.thread.QueuedThreadPool$3.run(QueuedThreadPool.java:543) ~[jetty-webapp-7.6.11.v20130520.jar:7.6.11.v20130520]
	at java.lang.Thread.run(Thread.java:724) ~[na:1.7.0_25]
20:53:46.880 [qtp15531576-21] ERROR 500.jsp - null
java.lang.NullPointerException: null
	at org.springside.examples.quickstart.web.userdemo.UserDemoController.list(UserDemoController.java:46) ~[classes/:na]
	at sun.reflect.NativeMethodAccessorImpl.invoke0(Native Method) ~[na:1.7.0_25]
	at sun.reflect.NativeMethodAccessorImpl.invoke(NativeMethodAccessorImpl.java:57) ~[na:1.7.0_25]
	at sun.reflect.DelegatingMethodAccessorImpl.invoke(DelegatingMethodAccessorImpl.java:43) ~[na:1.7.0_25]
	at java.lang.reflect.Method.invoke(Method.java:606) ~[na:1.7.0_25]
	at org.springframework.web.method.support.InvocableHandlerMethod.invoke(InvocableHandlerMethod.java:219) ~[spring-web-3.2.3.RELEASE.jar:3.2.3.RELEASE]
	at org.springframework.web.method.support.InvocableHandlerMethod.invokeForRequest(InvocableHandlerMethod.java:132) ~[spring-web-3.2.3.RELEASE.jar:3.2.3.RELEASE]
	at org.springframework.web.servlet.mvc.method.annotation.ServletInvocableHandlerMethod.invokeAndHandle(ServletInvocableHandlerMethod.java:104) ~[spring-webmvc-3.2.3.RELEASE.jar:3.2.3.RELEASE]
	at org.springframework.web.servlet.mvc.method.annotation.RequestMappingHandlerAdapter.invokeHandleMethod(RequestMappingHandlerAdapter.java:745) ~[spring-webmvc-3.2.3.RELEASE.jar:3.2.3.RELEASE]
	at org.springframework.web.servlet.mvc.method.annotation.RequestMappingHandlerAdapter.handleInternal(RequestMappingHandlerAdapter.java:686) ~[spring-webmvc-3.2.3.RELEASE.jar:3.2.3.RELEASE]
	at org.springframework.web.servlet.mvc.method.AbstractHandlerMethodAdapter.handle(AbstractHandlerMethodAdapter.java:80) ~[spring-webmvc-3.2.3.RELEASE.jar:3.2.3.RELEASE]
	at org.springframework.web.servlet.DispatcherServlet.doDispatch(DispatcherServlet.java:925) [spring-webmvc-3.2.3.RELEASE.jar:3.2.3.RELEASE]
	at org.springframework.web.servlet.DispatcherServlet.doService(DispatcherServlet.java:856) [spring-webmvc-3.2.3.RELEASE.jar:3.2.3.RELEASE]
	at org.springframework.web.servlet.FrameworkServlet.processRequest(FrameworkServlet.java:936) ~[spring-webmvc-3.2.3.RELEASE.jar:3.2.3.RELEASE]
	at org.springframework.web.servlet.FrameworkServlet.doGet(FrameworkServlet.java:827) ~[spring-webmvc-3.2.3.RELEASE.jar:3.2.3.RELEASE]
	at javax.servlet.http.HttpServlet.service(HttpServlet.java:707) ~[servlet-api-2.5.jar:2.5]
	at org.springframework.web.servlet.FrameworkServlet.service(FrameworkServlet.java:812) ~[spring-webmvc-3.2.3.RELEASE.jar:3.2.3.RELEASE]
	at javax.servlet.http.HttpServlet.service(HttpServlet.java:820) ~[servlet-api-2.5.jar:2.5]
	at org.eclipse.jetty.servlet.ServletHolder.handle(ServletHolder.java:652) ~[jetty-webapp-7.6.11.v20130520.jar:7.6.11.v20130520]
	at org.eclipse.jetty.servlet.ServletHandler$CachedChain.doFilter(ServletHandler.java:1320) ~[jetty-webapp-7.6.11.v20130520.jar:7.6.11.v20130520]
	at com.opensymphony.sitemesh.webapp.SiteMeshFilter.obtainContent(SiteMeshFilter.java:129) ~[sitemesh-2.4.2.jar:na]
	at com.opensymphony.sitemesh.webapp.SiteMeshFilter.doFilter(SiteMeshFilter.java:77) ~[sitemesh-2.4.2.jar:na]
	at org.eclipse.jetty.servlet.ServletHandler$CachedChain.doFilter(ServletHandler.java:1291) ~[jetty-webapp-7.6.11.v20130520.jar:7.6.11.v20130520]
	at org.apache.shiro.web.servlet.ProxiedFilterChain.doFilter(ProxiedFilterChain.java:61) ~[shiro-web-1.2.2.jar:1.2.2]
	at org.apache.shiro.web.servlet.AdviceFilter.executeChain(AdviceFilter.java:108) ~[shiro-web-1.2.2.jar:1.2.2]
	at org.apache.shiro.web.servlet.AdviceFilter.doFilterInternal(AdviceFilter.java:137) ~[shiro-web-1.2.2.jar:1.2.2]
	at org.apache.shiro.web.servlet.OncePerRequestFilter.doFilter(OncePerRequestFilter.java:125) ~[shiro-web-1.2.2.jar:1.2.2]
	at org.apache.shiro.web.servlet.ProxiedFilterChain.doFilter(ProxiedFilterChain.java:66) ~[shiro-web-1.2.2.jar:1.2.2]
	at org.apache.shiro.web.servlet.AbstractShiroFilter.executeChain(AbstractShiroFilter.java:449) ~[shiro-web-1.2.2.jar:1.2.2]
	at org.apache.shiro.web.servlet.AbstractShiroFilter$1.call(AbstractShiroFilter.java:365) ~[shiro-web-1.2.2.jar:1.2.2]
	at org.apache.shiro.subject.support.SubjectCallable.doCall(SubjectCallable.java:90) ~[shiro-core-1.2.2.jar:1.2.2]
	at org.apache.shiro.subject.support.SubjectCallable.call(SubjectCallable.java:83) ~[shiro-core-1.2.2.jar:1.2.2]
	at org.apache.shiro.subject.support.DelegatingSubject.execute(DelegatingSubject.java:383) ~[shiro-core-1.2.2.jar:1.2.2]
	at org.apache.shiro.web.servlet.AbstractShiroFilter.doFilterInternal(AbstractShiroFilter.java:362) ~[shiro-web-1.2.2.jar:1.2.2]
	at org.apache.shiro.web.servlet.OncePerRequestFilter.doFilter(OncePerRequestFilter.java:125) ~[shiro-web-1.2.2.jar:1.2.2]
	at org.springframework.web.filter.DelegatingFilterProxy.invokeDelegate(DelegatingFilterProxy.java:346) ~[spring-web-3.2.3.RELEASE.jar:3.2.3.RELEASE]
	at org.springframework.web.filter.DelegatingFilterProxy.doFilter(DelegatingFilterProxy.java:259) ~[spring-web-3.2.3.RELEASE.jar:3.2.3.RELEASE]
	at org.eclipse.jetty.servlet.ServletHandler$CachedChain.doFilter(ServletHandler.java:1291) ~[jetty-webapp-7.6.11.v20130520.jar:7.6.11.v20130520]
	at org.springframework.orm.jpa.support.OpenEntityManagerInViewFilter.doFilterInternal(OpenEntityManagerInViewFilter.java:180) ~[spring-orm-3.2.3.RELEASE.jar:3.2.3.RELEASE]
	at org.springframework.web.filter.OncePerRequestFilter.doFilter(OncePerRequestFilter.java:107) ~[spring-web-3.2.3.RELEASE.jar:3.2.3.RELEASE]
	at org.eclipse.jetty.servlet.ServletHandler$CachedChain.doFilter(ServletHandler.java:1291) ~[jetty-webapp-7.6.11.v20130520.jar:7.6.11.v20130520]
	at org.springframework.web.filter.CharacterEncodingFilter.doFilterInternal(CharacterEncodingFilter.java:88) ~[spring-web-3.2.3.RELEASE.jar:3.2.3.RELEASE]
	at org.springframework.web.filter.OncePerRequestFilter.doFilter(OncePerRequestFilter.java:107) ~[spring-web-3.2.3.RELEASE.jar:3.2.3.RELEASE]
	at org.eclipse.jetty.servlet.ServletHandler$CachedChain.doFilter(ServletHandler.java:1291) ~[jetty-webapp-7.6.11.v20130520.jar:7.6.11.v20130520]
	at org.eclipse.jetty.servlet.ServletHandler.doHandle(ServletHandler.java:443) ~[jetty-webapp-7.6.11.v20130520.jar:7.6.11.v20130520]
	at org.eclipse.jetty.server.handler.ScopedHandler.handle(ScopedHandler.java:137) ~[jetty-webapp-7.6.11.v20130520.jar:7.6.11.v20130520]
	at org.eclipse.jetty.security.SecurityHandler.handle(SecurityHandler.java:556) ~[jetty-webapp-7.6.11.v20130520.jar:7.6.11.v20130520]
	at org.eclipse.jetty.server.session.SessionHandler.doHandle(SessionHandler.java:227) ~[jetty-webapp-7.6.11.v20130520.jar:7.6.11.v20130520]
	at org.eclipse.jetty.server.handler.ContextHandler.doHandle(ContextHandler.java:1044) ~[jetty-webapp-7.6.11.v20130520.jar:7.6.11.v20130520]
	at org.eclipse.jetty.servlet.ServletHandler.doScope(ServletHandler.java:372) ~[jetty-webapp-7.6.11.v20130520.jar:7.6.11.v20130520]
	at org.eclipse.jetty.server.session.SessionHandler.doScope(SessionHandler.java:189) ~[jetty-webapp-7.6.11.v20130520.jar:7.6.11.v20130520]
	at org.eclipse.jetty.server.handler.ContextHandler.doScope(ContextHandler.java:978) ~[jetty-webapp-7.6.11.v20130520.jar:7.6.11.v20130520]
	at org.eclipse.jetty.server.handler.ScopedHandler.handle(ScopedHandler.java:135) ~[jetty-webapp-7.6.11.v20130520.jar:7.6.11.v20130520]
	at org.eclipse.jetty.server.handler.HandlerWrapper.handle(HandlerWrapper.java:116) ~[jetty-webapp-7.6.11.v20130520.jar:7.6.11.v20130520]
	at org.eclipse.jetty.server.Server.handle(Server.java:369) ~[jetty-webapp-7.6.11.v20130520.jar:7.6.11.v20130520]
	at org.eclipse.jetty.server.AbstractHttpConnection.handleRequest(AbstractHttpConnection.java:486) ~[jetty-webapp-7.6.11.v20130520.jar:7.6.11.v20130520]
	at org.eclipse.jetty.server.AbstractHttpConnection.headerComplete(AbstractHttpConnection.java:933) ~[jetty-webapp-7.6.11.v20130520.jar:7.6.11.v20130520]
	at org.eclipse.jetty.server.AbstractHttpConnection$RequestHandler.headerComplete(AbstractHttpConnection.java:995) ~[jetty-webapp-7.6.11.v20130520.jar:7.6.11.v20130520]
	at org.eclipse.jetty.http.HttpParser.parseNext(HttpParser.java:644) ~[jetty-webapp-7.6.11.v20130520.jar:7.6.11.v20130520]
	at org.eclipse.jetty.http.HttpParser.parseAvailable(HttpParser.java:235) ~[jetty-webapp-7.6.11.v20130520.jar:7.6.11.v20130520]
	at org.eclipse.jetty.server.AsyncHttpConnection.handle(AsyncHttpConnection.java:82) ~[jetty-webapp-7.6.11.v20130520.jar:7.6.11.v20130520]
	at org.eclipse.jetty.io.nio.SelectChannelEndPoint.handle(SelectChannelEndPoint.java:668) ~[jetty-webapp-7.6.11.v20130520.jar:7.6.11.v20130520]
	at org.eclipse.jetty.io.nio.SelectChannelEndPoint$1.run(SelectChannelEndPoint.java:52) ~[jetty-webapp-7.6.11.v20130520.jar:7.6.11.v20130520]
	at org.eclipse.jetty.util.thread.QueuedThreadPool.runJob(QueuedThreadPool.java:608) ~[jetty-webapp-7.6.11.v20130520.jar:7.6.11.v20130520]
	at org.eclipse.jetty.util.thread.QueuedThreadPool$3.run(QueuedThreadPool.java:543) ~[jetty-webapp-7.6.11.v20130520.jar:7.6.11.v20130520]
	at java.lang.Thread.run(Thread.java:724) ~[na:1.7.0_25]
21:13:43.560 [qtp15531576-20] ERROR 500.jsp - null
java.lang.NullPointerException: null
	at org.springside.examples.quickstart.web.userdemo.UserDemoController.list(UserDemoController.java:46) ~[classes/:na]
	at sun.reflect.NativeMethodAccessorImpl.invoke0(Native Method) ~[na:1.7.0_25]
	at sun.reflect.NativeMethodAccessorImpl.invoke(NativeMethodAccessorImpl.java:57) ~[na:1.7.0_25]
	at sun.reflect.DelegatingMethodAccessorImpl.invoke(DelegatingMethodAccessorImpl.java:43) ~[na:1.7.0_25]
	at java.lang.reflect.Method.invoke(Method.java:606) ~[na:1.7.0_25]
	at org.springframework.web.method.support.InvocableHandlerMethod.invoke(InvocableHandlerMethod.java:219) ~[spring-web-3.2.3.RELEASE.jar:3.2.3.RELEASE]
	at org.springframework.web.method.support.InvocableHandlerMethod.invokeForRequest(InvocableHandlerMethod.java:132) ~[spring-web-3.2.3.RELEASE.jar:3.2.3.RELEASE]
	at org.springframework.web.servlet.mvc.method.annotation.ServletInvocableHandlerMethod.invokeAndHandle(ServletInvocableHandlerMethod.java:104) ~[spring-webmvc-3.2.3.RELEASE.jar:3.2.3.RELEASE]
	at org.springframework.web.servlet.mvc.method.annotation.RequestMappingHandlerAdapter.invokeHandleMethod(RequestMappingHandlerAdapter.java:745) ~[spring-webmvc-3.2.3.RELEASE.jar:3.2.3.RELEASE]
	at org.springframework.web.servlet.mvc.method.annotation.RequestMappingHandlerAdapter.handleInternal(RequestMappingHandlerAdapter.java:686) ~[spring-webmvc-3.2.3.RELEASE.jar:3.2.3.RELEASE]
	at org.springframework.web.servlet.mvc.method.AbstractHandlerMethodAdapter.handle(AbstractHandlerMethodAdapter.java:80) ~[spring-webmvc-3.2.3.RELEASE.jar:3.2.3.RELEASE]
	at org.springframework.web.servlet.DispatcherServlet.doDispatch(DispatcherServlet.java:925) [spring-webmvc-3.2.3.RELEASE.jar:3.2.3.RELEASE]
	at org.springframework.web.servlet.DispatcherServlet.doService(DispatcherServlet.java:856) [spring-webmvc-3.2.3.RELEASE.jar:3.2.3.RELEASE]
	at org.springframework.web.servlet.FrameworkServlet.processRequest(FrameworkServlet.java:936) ~[spring-webmvc-3.2.3.RELEASE.jar:3.2.3.RELEASE]
	at org.springframework.web.servlet.FrameworkServlet.doGet(FrameworkServlet.java:827) ~[spring-webmvc-3.2.3.RELEASE.jar:3.2.3.RELEASE]
	at javax.servlet.http.HttpServlet.service(HttpServlet.java:707) ~[servlet-api-2.5.jar:2.5]
	at org.springframework.web.servlet.FrameworkServlet.service(FrameworkServlet.java:812) ~[spring-webmvc-3.2.3.RELEASE.jar:3.2.3.RELEASE]
	at javax.servlet.http.HttpServlet.service(HttpServlet.java:820) ~[servlet-api-2.5.jar:2.5]
	at org.eclipse.jetty.servlet.ServletHolder.handle(ServletHolder.java:652) ~[jetty-webapp-7.6.11.v20130520.jar:7.6.11.v20130520]
	at org.eclipse.jetty.servlet.ServletHandler$CachedChain.doFilter(ServletHandler.java:1320) ~[jetty-webapp-7.6.11.v20130520.jar:7.6.11.v20130520]
	at com.opensymphony.sitemesh.webapp.SiteMeshFilter.obtainContent(SiteMeshFilter.java:129) ~[sitemesh-2.4.2.jar:na]
	at com.opensymphony.sitemesh.webapp.SiteMeshFilter.doFilter(SiteMeshFilter.java:77) ~[sitemesh-2.4.2.jar:na]
	at org.eclipse.jetty.servlet.ServletHandler$CachedChain.doFilter(ServletHandler.java:1291) ~[jetty-webapp-7.6.11.v20130520.jar:7.6.11.v20130520]
	at org.apache.shiro.web.servlet.ProxiedFilterChain.doFilter(ProxiedFilterChain.java:61) ~[shiro-web-1.2.2.jar:1.2.2]
	at org.apache.shiro.web.servlet.AdviceFilter.executeChain(AdviceFilter.java:108) ~[shiro-web-1.2.2.jar:1.2.2]
	at org.apache.shiro.web.servlet.AdviceFilter.doFilterInternal(AdviceFilter.java:137) ~[shiro-web-1.2.2.jar:1.2.2]
	at org.apache.shiro.web.servlet.OncePerRequestFilter.doFilter(OncePerRequestFilter.java:125) ~[shiro-web-1.2.2.jar:1.2.2]
	at org.apache.shiro.web.servlet.ProxiedFilterChain.doFilter(ProxiedFilterChain.java:66) ~[shiro-web-1.2.2.jar:1.2.2]
	at org.apache.shiro.web.servlet.AbstractShiroFilter.executeChain(AbstractShiroFilter.java:449) ~[shiro-web-1.2.2.jar:1.2.2]
	at org.apache.shiro.web.servlet.AbstractShiroFilter$1.call(AbstractShiroFilter.java:365) ~[shiro-web-1.2.2.jar:1.2.2]
	at org.apache.shiro.subject.support.SubjectCallable.doCall(SubjectCallable.java:90) ~[shiro-core-1.2.2.jar:1.2.2]
	at org.apache.shiro.subject.support.SubjectCallable.call(SubjectCallable.java:83) ~[shiro-core-1.2.2.jar:1.2.2]
	at org.apache.shiro.subject.support.DelegatingSubject.execute(DelegatingSubject.java:383) ~[shiro-core-1.2.2.jar:1.2.2]
	at org.apache.shiro.web.servlet.AbstractShiroFilter.doFilterInternal(AbstractShiroFilter.java:362) ~[shiro-web-1.2.2.jar:1.2.2]
	at org.apache.shiro.web.servlet.OncePerRequestFilter.doFilter(OncePerRequestFilter.java:125) ~[shiro-web-1.2.2.jar:1.2.2]
	at org.springframework.web.filter.DelegatingFilterProxy.invokeDelegate(DelegatingFilterProxy.java:346) ~[spring-web-3.2.3.RELEASE.jar:3.2.3.RELEASE]
	at org.springframework.web.filter.DelegatingFilterProxy.doFilter(DelegatingFilterProxy.java:259) ~[spring-web-3.2.3.RELEASE.jar:3.2.3.RELEASE]
	at org.eclipse.jetty.servlet.ServletHandler$CachedChain.doFilter(ServletHandler.java:1291) ~[jetty-webapp-7.6.11.v20130520.jar:7.6.11.v20130520]
	at org.springframework.orm.jpa.support.OpenEntityManagerInViewFilter.doFilterInternal(OpenEntityManagerInViewFilter.java:180) ~[spring-orm-3.2.3.RELEASE.jar:3.2.3.RELEASE]
	at org.springframework.web.filter.OncePerRequestFilter.doFilter(OncePerRequestFilter.java:107) ~[spring-web-3.2.3.RELEASE.jar:3.2.3.RELEASE]
	at org.eclipse.jetty.servlet.ServletHandler$CachedChain.doFilter(ServletHandler.java:1291) ~[jetty-webapp-7.6.11.v20130520.jar:7.6.11.v20130520]
	at org.springframework.web.filter.CharacterEncodingFilter.doFilterInternal(CharacterEncodingFilter.java:88) ~[spring-web-3.2.3.RELEASE.jar:3.2.3.RELEASE]
	at org.springframework.web.filter.OncePerRequestFilter.doFilter(OncePerRequestFilter.java:107) ~[spring-web-3.2.3.RELEASE.jar:3.2.3.RELEASE]
	at org.eclipse.jetty.servlet.ServletHandler$CachedChain.doFilter(ServletHandler.java:1291) ~[jetty-webapp-7.6.11.v20130520.jar:7.6.11.v20130520]
	at org.eclipse.jetty.servlet.ServletHandler.doHandle(ServletHandler.java:443) ~[jetty-webapp-7.6.11.v20130520.jar:7.6.11.v20130520]
	at org.eclipse.jetty.server.handler.ScopedHandler.handle(ScopedHandler.java:137) ~[jetty-webapp-7.6.11.v20130520.jar:7.6.11.v20130520]
	at org.eclipse.jetty.security.SecurityHandler.handle(SecurityHandler.java:556) ~[jetty-webapp-7.6.11.v20130520.jar:7.6.11.v20130520]
	at org.eclipse.jetty.server.session.SessionHandler.doHandle(SessionHandler.java:227) ~[jetty-webapp-7.6.11.v20130520.jar:7.6.11.v20130520]
	at org.eclipse.jetty.server.handler.ContextHandler.doHandle(ContextHandler.java:1044) ~[jetty-webapp-7.6.11.v20130520.jar:7.6.11.v20130520]
	at org.eclipse.jetty.servlet.ServletHandler.doScope(ServletHandler.java:372) ~[jetty-webapp-7.6.11.v20130520.jar:7.6.11.v20130520]
	at org.eclipse.jetty.server.session.SessionHandler.doScope(SessionHandler.java:189) ~[jetty-webapp-7.6.11.v20130520.jar:7.6.11.v20130520]
	at org.eclipse.jetty.server.handler.ContextHandler.doScope(ContextHandler.java:978) ~[jetty-webapp-7.6.11.v20130520.jar:7.6.11.v20130520]
	at org.eclipse.jetty.server.handler.ScopedHandler.handle(ScopedHandler.java:135) ~[jetty-webapp-7.6.11.v20130520.jar:7.6.11.v20130520]
	at org.eclipse.jetty.server.handler.HandlerWrapper.handle(HandlerWrapper.java:116) ~[jetty-webapp-7.6.11.v20130520.jar:7.6.11.v20130520]
	at org.eclipse.jetty.server.Server.handle(Server.java:369) ~[jetty-webapp-7.6.11.v20130520.jar:7.6.11.v20130520]
	at org.eclipse.jetty.server.AbstractHttpConnection.handleRequest(AbstractHttpConnection.java:486) ~[jetty-webapp-7.6.11.v20130520.jar:7.6.11.v20130520]
	at org.eclipse.jetty.server.AbstractHttpConnection.headerComplete(AbstractHttpConnection.java:933) ~[jetty-webapp-7.6.11.v20130520.jar:7.6.11.v20130520]
	at org.eclipse.jetty.server.AbstractHttpConnection$RequestHandler.headerComplete(AbstractHttpConnection.java:995) ~[jetty-webapp-7.6.11.v20130520.jar:7.6.11.v20130520]
	at org.eclipse.jetty.http.HttpParser.parseNext(HttpParser.java:644) ~[jetty-webapp-7.6.11.v20130520.jar:7.6.11.v20130520]
	at org.eclipse.jetty.http.HttpParser.parseAvailable(HttpParser.java:235) ~[jetty-webapp-7.6.11.v20130520.jar:7.6.11.v20130520]
	at org.eclipse.jetty.server.AsyncHttpConnection.handle(AsyncHttpConnection.java:82) ~[jetty-webapp-7.6.11.v20130520.jar:7.6.11.v20130520]
	at org.eclipse.jetty.io.nio.SelectChannelEndPoint.handle(SelectChannelEndPoint.java:668) ~[jetty-webapp-7.6.11.v20130520.jar:7.6.11.v20130520]
	at org.eclipse.jetty.io.nio.SelectChannelEndPoint$1.run(SelectChannelEndPoint.java:52) ~[jetty-webapp-7.6.11.v20130520.jar:7.6.11.v20130520]
	at org.eclipse.jetty.util.thread.QueuedThreadPool.runJob(QueuedThreadPool.java:608) ~[jetty-webapp-7.6.11.v20130520.jar:7.6.11.v20130520]
	at org.eclipse.jetty.util.thread.QueuedThreadPool$3.run(QueuedThreadPool.java:543) ~[jetty-webapp-7.6.11.v20130520.jar:7.6.11.v20130520]
	at java.lang.Thread.run(Thread.java:724) ~[na:1.7.0_25]
21:15:52.787 [qtp15531576-20] ERROR 500.jsp - null
java.lang.NullPointerException: null
	at org.springside.examples.quickstart.web.userdemo.UserDemoController.list(UserDemoController.java:46) ~[classes/:na]
	at sun.reflect.NativeMethodAccessorImpl.invoke0(Native Method) ~[na:1.7.0_25]
	at sun.reflect.NativeMethodAccessorImpl.invoke(NativeMethodAccessorImpl.java:57) ~[na:1.7.0_25]
	at sun.reflect.DelegatingMethodAccessorImpl.invoke(DelegatingMethodAccessorImpl.java:43) ~[na:1.7.0_25]
	at java.lang.reflect.Method.invoke(Method.java:606) ~[na:1.7.0_25]
	at org.springframework.web.method.support.InvocableHandlerMethod.invoke(InvocableHandlerMethod.java:219) ~[spring-web-3.2.3.RELEASE.jar:3.2.3.RELEASE]
	at org.springframework.web.method.support.InvocableHandlerMethod.invokeForRequest(InvocableHandlerMethod.java:132) ~[spring-web-3.2.3.RELEASE.jar:3.2.3.RELEASE]
	at org.springframework.web.servlet.mvc.method.annotation.ServletInvocableHandlerMethod.invokeAndHandle(ServletInvocableHandlerMethod.java:104) ~[spring-webmvc-3.2.3.RELEASE.jar:3.2.3.RELEASE]
	at org.springframework.web.servlet.mvc.method.annotation.RequestMappingHandlerAdapter.invokeHandleMethod(RequestMappingHandlerAdapter.java:745) ~[spring-webmvc-3.2.3.RELEASE.jar:3.2.3.RELEASE]
	at org.springframework.web.servlet.mvc.method.annotation.RequestMappingHandlerAdapter.handleInternal(RequestMappingHandlerAdapter.java:686) ~[spring-webmvc-3.2.3.RELEASE.jar:3.2.3.RELEASE]
	at org.springframework.web.servlet.mvc.method.AbstractHandlerMethodAdapter.handle(AbstractHandlerMethodAdapter.java:80) ~[spring-webmvc-3.2.3.RELEASE.jar:3.2.3.RELEASE]
	at org.springframework.web.servlet.DispatcherServlet.doDispatch(DispatcherServlet.java:925) [spring-webmvc-3.2.3.RELEASE.jar:3.2.3.RELEASE]
	at org.springframework.web.servlet.DispatcherServlet.doService(DispatcherServlet.java:856) [spring-webmvc-3.2.3.RELEASE.jar:3.2.3.RELEASE]
	at org.springframework.web.servlet.FrameworkServlet.processRequest(FrameworkServlet.java:936) ~[spring-webmvc-3.2.3.RELEASE.jar:3.2.3.RELEASE]
	at org.springframework.web.servlet.FrameworkServlet.doGet(FrameworkServlet.java:827) ~[spring-webmvc-3.2.3.RELEASE.jar:3.2.3.RELEASE]
	at javax.servlet.http.HttpServlet.service(HttpServlet.java:707) ~[servlet-api-2.5.jar:2.5]
	at org.springframework.web.servlet.FrameworkServlet.service(FrameworkServlet.java:812) ~[spring-webmvc-3.2.3.RELEASE.jar:3.2.3.RELEASE]
	at javax.servlet.http.HttpServlet.service(HttpServlet.java:820) ~[servlet-api-2.5.jar:2.5]
	at org.eclipse.jetty.servlet.ServletHolder.handle(ServletHolder.java:652) ~[jetty-webapp-7.6.11.v20130520.jar:7.6.11.v20130520]
	at org.eclipse.jetty.servlet.ServletHandler$CachedChain.doFilter(ServletHandler.java:1320) ~[jetty-webapp-7.6.11.v20130520.jar:7.6.11.v20130520]
	at com.opensymphony.sitemesh.webapp.SiteMeshFilter.obtainContent(SiteMeshFilter.java:129) ~[sitemesh-2.4.2.jar:na]
	at com.opensymphony.sitemesh.webapp.SiteMeshFilter.doFilter(SiteMeshFilter.java:77) ~[sitemesh-2.4.2.jar:na]
	at org.eclipse.jetty.servlet.ServletHandler$CachedChain.doFilter(ServletHandler.java:1291) ~[jetty-webapp-7.6.11.v20130520.jar:7.6.11.v20130520]
	at org.apache.shiro.web.servlet.ProxiedFilterChain.doFilter(ProxiedFilterChain.java:61) ~[shiro-web-1.2.2.jar:1.2.2]
	at org.apache.shiro.web.servlet.AdviceFilter.executeChain(AdviceFilter.java:108) ~[shiro-web-1.2.2.jar:1.2.2]
	at org.apache.shiro.web.servlet.AdviceFilter.doFilterInternal(AdviceFilter.java:137) ~[shiro-web-1.2.2.jar:1.2.2]
	at org.apache.shiro.web.servlet.OncePerRequestFilter.doFilter(OncePerRequestFilter.java:125) ~[shiro-web-1.2.2.jar:1.2.2]
	at org.apache.shiro.web.servlet.ProxiedFilterChain.doFilter(ProxiedFilterChain.java:66) ~[shiro-web-1.2.2.jar:1.2.2]
	at org.apache.shiro.web.servlet.AbstractShiroFilter.executeChain(AbstractShiroFilter.java:449) ~[shiro-web-1.2.2.jar:1.2.2]
	at org.apache.shiro.web.servlet.AbstractShiroFilter$1.call(AbstractShiroFilter.java:365) ~[shiro-web-1.2.2.jar:1.2.2]
	at org.apache.shiro.subject.support.SubjectCallable.doCall(SubjectCallable.java:90) ~[shiro-core-1.2.2.jar:1.2.2]
	at org.apache.shiro.subject.support.SubjectCallable.call(SubjectCallable.java:83) ~[shiro-core-1.2.2.jar:1.2.2]
	at org.apache.shiro.subject.support.DelegatingSubject.execute(DelegatingSubject.java:383) ~[shiro-core-1.2.2.jar:1.2.2]
	at org.apache.shiro.web.servlet.AbstractShiroFilter.doFilterInternal(AbstractShiroFilter.java:362) ~[shiro-web-1.2.2.jar:1.2.2]
	at org.apache.shiro.web.servlet.OncePerRequestFilter.doFilter(OncePerRequestFilter.java:125) ~[shiro-web-1.2.2.jar:1.2.2]
	at org.springframework.web.filter.DelegatingFilterProxy.invokeDelegate(DelegatingFilterProxy.java:346) ~[spring-web-3.2.3.RELEASE.jar:3.2.3.RELEASE]
	at org.springframework.web.filter.DelegatingFilterProxy.doFilter(DelegatingFilterProxy.java:259) ~[spring-web-3.2.3.RELEASE.jar:3.2.3.RELEASE]
	at org.eclipse.jetty.servlet.ServletHandler$CachedChain.doFilter(ServletHandler.java:1291) ~[jetty-webapp-7.6.11.v20130520.jar:7.6.11.v20130520]
	at org.springframework.orm.jpa.support.OpenEntityManagerInViewFilter.doFilterInternal(OpenEntityManagerInViewFilter.java:180) ~[spring-orm-3.2.3.RELEASE.jar:3.2.3.RELEASE]
	at org.springframework.web.filter.OncePerRequestFilter.doFilter(OncePerRequestFilter.java:107) ~[spring-web-3.2.3.RELEASE.jar:3.2.3.RELEASE]
	at org.eclipse.jetty.servlet.ServletHandler$CachedChain.doFilter(ServletHandler.java:1291) ~[jetty-webapp-7.6.11.v20130520.jar:7.6.11.v20130520]
	at org.springframework.web.filter.CharacterEncodingFilter.doFilterInternal(CharacterEncodingFilter.java:88) ~[spring-web-3.2.3.RELEASE.jar:3.2.3.RELEASE]
	at org.springframework.web.filter.OncePerRequestFilter.doFilter(OncePerRequestFilter.java:107) ~[spring-web-3.2.3.RELEASE.jar:3.2.3.RELEASE]
	at org.eclipse.jetty.servlet.ServletHandler$CachedChain.doFilter(ServletHandler.java:1291) ~[jetty-webapp-7.6.11.v20130520.jar:7.6.11.v20130520]
	at org.eclipse.jetty.servlet.ServletHandler.doHandle(ServletHandler.java:443) ~[jetty-webapp-7.6.11.v20130520.jar:7.6.11.v20130520]
	at org.eclipse.jetty.server.handler.ScopedHandler.handle(ScopedHandler.java:137) ~[jetty-webapp-7.6.11.v20130520.jar:7.6.11.v20130520]
	at org.eclipse.jetty.security.SecurityHandler.handle(SecurityHandler.java:556) ~[jetty-webapp-7.6.11.v20130520.jar:7.6.11.v20130520]
	at org.eclipse.jetty.server.session.SessionHandler.doHandle(SessionHandler.java:227) ~[jetty-webapp-7.6.11.v20130520.jar:7.6.11.v20130520]
	at org.eclipse.jetty.server.handler.ContextHandler.doHandle(ContextHandler.java:1044) ~[jetty-webapp-7.6.11.v20130520.jar:7.6.11.v20130520]
	at org.eclipse.jetty.servlet.ServletHandler.doScope(ServletHandler.java:372) ~[jetty-webapp-7.6.11.v20130520.jar:7.6.11.v20130520]
	at org.eclipse.jetty.server.session.SessionHandler.doScope(SessionHandler.java:189) ~[jetty-webapp-7.6.11.v20130520.jar:7.6.11.v20130520]
	at org.eclipse.jetty.server.handler.ContextHandler.doScope(ContextHandler.java:978) ~[jetty-webapp-7.6.11.v20130520.jar:7.6.11.v20130520]
	at org.eclipse.jetty.server.handler.ScopedHandler.handle(ScopedHandler.java:135) ~[jetty-webapp-7.6.11.v20130520.jar:7.6.11.v20130520]
	at org.eclipse.jetty.server.handler.HandlerWrapper.handle(HandlerWrapper.java:116) ~[jetty-webapp-7.6.11.v20130520.jar:7.6.11.v20130520]
	at org.eclipse.jetty.server.Server.handle(Server.java:369) ~[jetty-webapp-7.6.11.v20130520.jar:7.6.11.v20130520]
	at org.eclipse.jetty.server.AbstractHttpConnection.handleRequest(AbstractHttpConnection.java:486) ~[jetty-webapp-7.6.11.v20130520.jar:7.6.11.v20130520]
	at org.eclipse.jetty.server.AbstractHttpConnection.headerComplete(AbstractHttpConnection.java:933) ~[jetty-webapp-7.6.11.v20130520.jar:7.6.11.v20130520]
	at org.eclipse.jetty.server.AbstractHttpConnection$RequestHandler.headerComplete(AbstractHttpConnection.java:995) ~[jetty-webapp-7.6.11.v20130520.jar:7.6.11.v20130520]
	at org.eclipse.jetty.http.HttpParser.parseNext(HttpParser.java:644) ~[jetty-webapp-7.6.11.v20130520.jar:7.6.11.v20130520]
	at org.eclipse.jetty.http.HttpParser.parseAvailable(HttpParser.java:235) ~[jetty-webapp-7.6.11.v20130520.jar:7.6.11.v20130520]
	at org.eclipse.jetty.server.AsyncHttpConnection.handle(AsyncHttpConnection.java:82) ~[jetty-webapp-7.6.11.v20130520.jar:7.6.11.v20130520]
	at org.eclipse.jetty.io.nio.SelectChannelEndPoint.handle(SelectChannelEndPoint.java:668) ~[jetty-webapp-7.6.11.v20130520.jar:7.6.11.v20130520]
	at org.eclipse.jetty.io.nio.SelectChannelEndPoint$1.run(SelectChannelEndPoint.java:52) ~[jetty-webapp-7.6.11.v20130520.jar:7.6.11.v20130520]
	at org.eclipse.jetty.util.thread.QueuedThreadPool.runJob(QueuedThreadPool.java:608) ~[jetty-webapp-7.6.11.v20130520.jar:7.6.11.v20130520]
	at org.eclipse.jetty.util.thread.QueuedThreadPool$3.run(QueuedThreadPool.java:543) ~[jetty-webapp-7.6.11.v20130520.jar:7.6.11.v20130520]
	at java.lang.Thread.run(Thread.java:724) ~[na:1.7.0_25]
